[ 2017-02-26T13:59:39+08:00 ] ::1 /
INFO: [ app_init ] --START--
INFO: Run Behavior\BuildLiteBehavior [ RunTime:0.000011s ]
INFO: [ app_init ] --END-- [ RunTime:0.000564s ]
INFO: [ app_begin ] --START--
INFO: Run Behavior\ReadHtmlCacheBehavior [ RunTime:0.001150s ]
INFO: Run Behavior\CronRunBehavior [ RunTime:0.003620s ]
INFO: [ app_begin ] --END-- [ RunTime:0.004921s ]

[ 2017-02-26T13:59:39+08:00 ] ::1 /index.php/public/login.html
INFO: [ app_init ] --START--
INFO: Run Behavior\BuildLiteBehavior [ RunTime:0.000014s ]
INFO: [ app_init ] --END-- [ RunTime:0.000844s ]
INFO: [ app_begin ] --START--
INFO: Run Behavior\ReadHtmlCacheBehavior [ RunTime:0.000894s ]
INFO: Run Behavior\CronRunBehavior [ RunTime:0.003533s ]
INFO: [ app_begin ] --END-- [ RunTime:0.004564s ]
INFO: [ view_parse ] --START--
INFO: [ template_filter ] --START--
INFO: Run Behavior\ContentReplaceBehavior [ RunTime:0.000063s ]
INFO: [ template_filter ] --END-- [ RunTime:0.000143s ]
INFO: Run Behavior\ParseTemplateBehavior [ RunTime:0.020463s ]
INFO: [ view_parse ] --END-- [ RunTime:0.020532s ]
INFO: [ view_filter ] --START--
INFO: Run Behavior\WriteHtmlCacheBehavior [ RunTime:0.001507s ]
INFO: [ view_filter ] --END-- [ RunTime:0.001558s ]
INFO: [ app_end ] --START--
INFO: Run Behavior\ShowPageTraceBehavior [ RunTime:0.001372s ]
INFO: [ app_end ] --END-- [ RunTime:0.001408s ]

[ 2017-02-26T14:03:43+08:00 ] ::1 /index.php
INFO: [ app_init ] --START--
INFO: Run Behavior\BuildLiteBehavior [ RunTime:0.000012s ]
INFO: [ app_init ] --END-- [ RunTime:0.000647s ]
INFO: [ app_begin ] --START--
INFO: Run Behavior\ReadHtmlCacheBehavior [ RunTime:0.001259s ]
INFO: Run Behavior\CronRunBehavior [ RunTime:0.002717s ]
INFO: [ app_begin ] --END-- [ RunTime:0.004111s ]

[ 2017-02-26T14:03:43+08:00 ] ::1 /index.php/Home/public/login.html
INFO: [ app_init ] --START--
INFO: Run Behavior\BuildLiteBehavior [ RunTime:0.000017s ]
INFO: [ app_init ] --END-- [ RunTime:0.000763s ]
INFO: [ app_begin ] --START--
INFO: Run Behavior\ReadHtmlCacheBehavior [ RunTime:0.000969s ]
INFO: Run Behavior\CronRunBehavior [ RunTime:0.002739s ]
INFO: [ app_begin ] --END-- [ RunTime:0.003837s ]
INFO: [ view_parse ] --START--
INFO: [ template_filter ] --START--
INFO: Run Behavior\ContentReplaceBehavior [ RunTime:0.000047s ]
INFO: [ template_filter ] --END-- [ RunTime:0.000094s ]
INFO: Run Behavior\ParseTemplateBehavior [ RunTime:0.009684s ]
INFO: [ view_parse ] --END-- [ RunTime:0.009742s ]
INFO: [ view_filter ] --START--
INFO: Run Behavior\WriteHtmlCacheBehavior [ RunTime:0.001303s ]
INFO: [ view_filter ] --END-- [ RunTime:0.001351s ]
INFO: [ app_end ] --START--
INFO: Run Behavior\ShowPageTraceBehavior [ RunTime:0.000929s ]
INFO: [ app_end ] --END-- [ RunTime:0.000979s ]

[ 2017-02-26T14:04:01+08:00 ] ::1 /index.php/home
INFO: [ app_init ] --START--
INFO: Run Behavior\BuildLiteBehavior [ RunTime:0.000012s ]
INFO: [ app_init ] --END-- [ RunTime:0.000551s ]
INFO: [ app_begin ] --START--
INFO: Run Behavior\ReadHtmlCacheBehavior [ RunTime:0.000817s ]
INFO: Run Behavior\CronRunBehavior [ RunTime:0.002471s ]
INFO: [ app_begin ] --END-- [ RunTime:0.003401s ]

[ 2017-02-26T14:04:01+08:00 ] ::1 /index.php/Home/public/login.html
INFO: [ app_init ] --START--
INFO: Run Behavior\BuildLiteBehavior [ RunTime:0.000013s ]
INFO: [ app_init ] --END-- [ RunTime:0.000781s ]
INFO: [ app_begin ] --START--
INFO: Run Behavior\ReadHtmlCacheBehavior [ RunTime:0.000905s ]
INFO: Run Behavior\CronRunBehavior [ RunTime:0.002507s ]
INFO: [ app_begin ] --END-- [ RunTime:0.003518s ]
INFO: [ view_parse ] --START--
INFO: [ template_filter ] --START--
INFO: Run Behavior\ContentReplaceBehavior [ RunTime:0.000049s ]
INFO: [ template_filter ] --END-- [ RunTime:0.000094s ]
INFO: Run Behavior\ParseTemplateBehavior [ RunTime:0.009683s ]
INFO: [ view_parse ] --END-- [ RunTime:0.009734s ]
INFO: [ view_filter ] --START--
INFO: Run Behavior\WriteHtmlCacheBehavior [ RunTime:0.000717s ]
INFO: [ view_filter ] --END-- [ RunTime:0.000748s ]
INFO: [ app_end ] --START--
INFO: Run Behavior\ShowPageTraceBehavior [ RunTime:0.000879s ]
INFO: [ app_end ] --END-- [ RunTime:0.000916s ]

[ 2017-02-26T14:52:22+08:00 ] ::1 /index.php/Home/public/verify.html
INFO: [ app_init ] --START--
INFO: Run Behavior\BuildLiteBehavior [ RunTime:0.000013s ]
INFO: [ app_init ] --END-- [ RunTime:0.000829s ]
INFO: [ app_begin ] --START--
INFO: Run Behavior\ReadHtmlCacheBehavior [ RunTime:0.000870s ]
INFO: Run Behavior\CronRunBehavior [ RunTime:0.003054s ]
INFO: [ app_begin ] --END-- [ RunTime:0.004044s ]
INFO: [ app_end ] --START--
INFO: Run Behavior\ShowPageTraceBehavior [ RunTime:0.001201s ]
INFO: [ app_end ] --END-- [ RunTime:0.001264s ]

[ 2017-02-26T14:57:24+08:00 ] ::1 /index.php/Home/public/verify.html
INFO: [ app_init ] --START--
INFO: Run Behavior\BuildLiteBehavior [ RunTime:0.000010s ]
INFO: [ app_init ] --END-- [ RunTime:0.000523s ]
INFO: [ app_begin ] --START--
INFO: Run Behavior\ReadHtmlCacheBehavior [ RunTime:0.001104s ]
INFO: Run Behavior\CronRunBehavior [ RunTime:0.002904s ]
INFO: [ app_begin ] --END-- [ RunTime:0.004162s ]
INFO: [ app_end ] --START--
INFO: Run Behavior\ShowPageTraceBehavior [ RunTime:0.000942s ]
INFO: [ app_end ] --END-- [ RunTime:0.000995s ]

[ 2017-02-26T14:57:25+08:00 ] ::1 /index.php/Home/public/verify.html
INFO: [ app_init ] --START--
INFO: Run Behavior\BuildLiteBehavior [ RunTime:0.000018s ]
INFO: [ app_init ] --END-- [ RunTime:0.000762s ]
INFO: [ app_begin ] --START--
INFO: Run Behavior\ReadHtmlCacheBehavior [ RunTime:0.000982s ]
INFO: Run Behavior\CronRunBehavior [ RunTime:0.002450s ]
INFO: [ app_begin ] --END-- [ RunTime:0.003549s ]
INFO: [ app_end ] --START--
INFO: Run Behavior\ShowPageTraceBehavior [ RunTime:0.001358s ]
INFO: [ app_end ] --END-- [ RunTime:0.001424s ]

[ 2017-02-26T14:57:27+08:00 ] ::1 /index.php/Home/public/verify.html
INFO: [ app_init ] --START--
INFO: Run Behavior\BuildLiteBehavior [ RunTime:0.000016s ]
INFO: [ app_init ] --END-- [ RunTime:0.000742s ]
INFO: [ app_begin ] --START--
INFO: Run Behavior\ReadHtmlCacheBehavior [ RunTime:0.000923s ]
INFO: Run Behavior\CronRunBehavior [ RunTime:0.004190s ]
INFO: [ app_begin ] --END-- [ RunTime:0.005244s ]
INFO: [ app_end ] --START--
INFO: Run Behavior\ShowPageTraceBehavior [ RunTime:0.001062s ]
INFO: [ app_end ] --END-- [ RunTime:0.001113s ]

[ 2017-02-26T14:57:29+08:00 ] ::1 /index.php/Home/public/verify.html
INFO: [ app_init ] --START--
INFO: Run Behavior\BuildLiteBehavior [ RunTime:0.000011s ]
INFO: [ app_init ] --END-- [ RunTime:0.000560s ]
INFO: [ app_begin ] --START--
INFO: Run Behavior\ReadHtmlCacheBehavior [ RunTime:0.001000s ]
INFO: Run Behavior\CronRunBehavior [ RunTime:0.002532s ]
INFO: [ app_begin ] --END-- [ RunTime:0.003649s ]
INFO: [ app_end ] --START--
INFO: Run Behavior\ShowPageTraceBehavior [ RunTime:0.001020s ]
INFO: [ app_end ] --END-- [ RunTime:0.001072s ]

[ 2017-02-26T14:57:30+08:00 ] ::1 /index.php/Home/public/verify.html
INFO: [ app_init ] --START--
INFO: Run Behavior\BuildLiteBehavior [ RunTime:0.000010s ]
INFO: [ app_init ] --END-- [ RunTime:0.000528s ]
INFO: [ app_begin ] --START--
INFO: Run Behavior\ReadHtmlCacheBehavior [ RunTime:0.001139s ]
INFO: Run Behavior\CronRunBehavior [ RunTime:0.002477s ]
INFO: [ app_begin ] --END-- [ RunTime:0.003731s ]
INFO: [ app_end ] --START--
INFO: Run Behavior\ShowPageTraceBehavior [ RunTime:0.001336s ]
INFO: [ app_end ] --END-- [ RunTime:0.001412s ]

[ 2017-02-26T14:57:32+08:00 ] ::1 /index.php/Home/public/verify.html
INFO: [ app_init ] --START--
INFO: Run Behavior\BuildLiteBehavior [ RunTime:0.000012s ]
INFO: [ app_init ] --END-- [ RunTime:0.000540s ]
INFO: [ app_begin ] --START--
INFO: Run Behavior\ReadHtmlCacheBehavior [ RunTime:0.000735s ]
INFO: Run Behavior\CronRunBehavior [ RunTime:0.002316s ]
INFO: [ app_begin ] --END-- [ RunTime:0.003140s ]
INFO: [ app_end ] --START--
INFO: Run Behavior\ShowPageTraceBehavior [ RunTime:0.000980s ]
INFO: [ app_end ] --END-- [ RunTime:0.001032s ]

[ 2017-02-26T14:57:33+08:00 ] ::1 /index.php/Home/public/verify.html
INFO: [ app_init ] --START--
INFO: Run Behavior\BuildLiteBehavior [ RunTime:0.000012s ]
INFO: [ app_init ] --END-- [ RunTime:0.000569s ]
INFO: [ app_begin ] --START--
INFO: Run Behavior\ReadHtmlCacheBehavior [ RunTime:0.000952s ]
INFO: Run Behavior\CronRunBehavior [ RunTime:0.002543s ]
INFO: [ app_begin ] --END-- [ RunTime:0.003610s ]
INFO: [ app_end ] --START--
INFO: Run Behavior\ShowPageTraceBehavior [ RunTime:0.001149s ]
INFO: [ app_end ] --END-- [ RunTime:0.001208s ]

[ 2017-02-26T14:57:34+08:00 ] ::1 /index.php/Home/public/verify.html
INFO: [ app_init ] --START--
INFO: Run Behavior\BuildLiteBehavior [ RunTime:0.000010s ]
INFO: [ app_init ] --END-- [ RunTime:0.000528s ]
INFO: [ app_begin ] --START--
INFO: Run Behavior\ReadHtmlCacheBehavior [ RunTime:0.000775s ]
INFO: Run Behavior\CronRunBehavior [ RunTime:0.002351s ]
INFO: [ app_begin ] --END-- [ RunTime:0.003218s ]
INFO: [ app_end ] --START--
INFO: Run Behavior\ShowPageTraceBehavior [ RunTime:0.001185s ]
INFO: [ app_end ] --END-- [ RunTime:0.001255s ]

[ 2017-02-26T14:57:36+08:00 ] ::1 /index.php/Home/public/verify.html
INFO: [ app_init ] --START--
INFO: Run Behavior\BuildLiteBehavior [ RunTime:0.000011s ]
INFO: [ app_init ] --END-- [ RunTime:0.000531s ]
INFO: [ app_begin ] --START--
INFO: Run Behavior\ReadHtmlCacheBehavior [ RunTime:0.000812s ]
INFO: Run Behavior\CronRunBehavior [ RunTime:0.002501s ]
INFO: [ app_begin ] --END-- [ RunTime:0.003413s ]
INFO: [ app_end ] --START--
INFO: Run Behavior\ShowPageTraceBehavior [ RunTime:0.001345s ]
INFO: [ app_end ] --END-- [ RunTime:0.001426s ]

[ 2017-02-26T14:57:38+08:00 ] ::1 /index.php/Home/public/verify.html
INFO: [ app_init ] --START--
INFO: Run Behavior\BuildLiteBehavior [ RunTime:0.000013s ]
INFO: [ app_init ] --END-- [ RunTime:0.000593s ]
INFO: [ app_begin ] --START--
INFO: Run Behavior\ReadHtmlCacheBehavior [ RunTime:0.000734s ]
INFO: Run Behavior\CronRunBehavior [ RunTime:0.002268s ]
INFO: [ app_begin ] --END-- [ RunTime:0.003085s ]
INFO: [ app_end ] --START--
INFO: Run Behavior\ShowPageTraceBehavior [ RunTime:0.001485s ]
INFO: [ app_end ] --END-- [ RunTime:0.001561s ]

[ 2017-02-26T14:57:40+08:00 ] ::1 /index.php/Home/public/verify.html
INFO: [ app_init ] --START--
INFO: Run Behavior\BuildLiteBehavior [ RunTime:0.000011s ]
INFO: [ app_init ] --END-- [ RunTime:0.000539s ]
INFO: [ app_begin ] --START--
INFO: Run Behavior\ReadHtmlCacheBehavior [ RunTime:0.000760s ]
INFO: Run Behavior\CronRunBehavior [ RunTime:0.002341s ]
INFO: [ app_begin ] --END-- [ RunTime:0.003189s ]
INFO: [ app_end ] --START--
INFO: Run Behavior\ShowPageTraceBehavior [ RunTime:0.000950s ]
INFO: [ app_end ] --END-- [ RunTime:0.001012s ]

[ 2017-02-26T14:57:41+08:00 ] ::1 /index.php/Home/public/verify.html
INFO: [ app_init ] --START--
INFO: Run Behavior\BuildLiteBehavior [ RunTime:0.000011s ]
INFO: [ app_init ] --END-- [ RunTime:0.000543s ]
INFO: [ app_begin ] --START--
INFO: Run Behavior\ReadHtmlCacheBehavior [ RunTime:0.001081s ]
INFO: Run Behavior\CronRunBehavior [ RunTime:0.003536s ]
INFO: [ app_begin ] --END-- [ RunTime:0.004748s ]
INFO: [ app_end ] --START--
INFO: Run Behavior\ShowPageTraceBehavior [ RunTime:0.000938s ]
INFO: [ app_end ] --END-- [ RunTime:0.000989s ]

[ 2017-02-26T14:57:43+08:00 ] ::1 /index.php/Home/public/verify.html
INFO: [ app_init ] --START--
INFO: Run Behavior\BuildLiteBehavior [ RunTime:0.000016s ]
INFO: [ app_init ] --END-- [ RunTime:0.000568s ]
INFO: [ app_begin ] --START--
INFO: Run Behavior\ReadHtmlCacheBehavior [ RunTime:0.000759s ]
INFO: Run Behavior\CronRunBehavior [ RunTime:0.002348s ]
INFO: [ app_begin ] --END-- [ RunTime:0.003217s ]
INFO: [ app_end ] --START--
INFO: Run Behavior\ShowPageTraceBehavior [ RunTime:0.001052s ]
INFO: [ app_end ] --END-- [ RunTime:0.001107s ]

[ 2017-02-26T14:57:44+08:00 ] ::1 /index.php/Home/public/verify.html
INFO: [ app_init ] --START--
INFO: Run Behavior\BuildLiteBehavior [ RunTime:0.000011s ]
INFO: [ app_init ] --END-- [ RunTime:0.000520s ]
INFO: [ app_begin ] --START--
INFO: Run Behavior\ReadHtmlCacheBehavior [ RunTime:0.000709s ]
INFO: Run Behavior\CronRunBehavior [ RunTime:0.002740s ]
INFO: [ app_begin ] --END-- [ RunTime:0.003548s ]
INFO: [ app_end ] --START--
INFO: Run Behavior\ShowPageTraceBehavior [ RunTime:0.000903s ]
INFO: [ app_end ] --END-- [ RunTime:0.000952s ]

[ 2017-02-26T14:57:46+08:00 ] ::1 /index.php/Home/public/verify.html
INFO: [ app_init ] --START--
INFO: Run Behavior\BuildLiteBehavior [ RunTime:0.000012s ]
INFO: [ app_init ] --END-- [ RunTime:0.000539s ]
INFO: [ app_begin ] --START--
INFO: Run Behavior\ReadHtmlCacheBehavior [ RunTime:0.000962s ]
INFO: Run Behavior\CronRunBehavior [ RunTime:0.002370s ]
INFO: [ app_begin ] --END-- [ RunTime:0.003437s ]
INFO: [ app_end ] --START--
INFO: Run Behavior\ShowPageTraceBehavior [ RunTime:0.001011s ]
INFO: [ app_end ] --END-- [ RunTime:0.001064s ]

[ 2017-02-26T14:58:48+08:00 ] ::1 /index.php/Home/public/verify
INFO: [ app_init ] --START--
INFO: Run Behavior\BuildLiteBehavior [ RunTime:0.000016s ]
INFO: [ app_init ] --END-- [ RunTime:0.000562s ]
INFO: [ app_begin ] --START--
INFO: Run Behavior\ReadHtmlCacheBehavior [ RunTime:0.000967s ]
INFO: Run Behavior\CronRunBehavior [ RunTime:0.002417s ]
INFO: [ app_begin ] --END-- [ RunTime:0.003498s ]
INFO: [ app_end ] --START--
INFO: Run Behavior\ShowPageTraceBehavior [ RunTime:0.001301s ]
INFO: [ app_end ] --END-- [ RunTime:0.001365s ]

[ 2017-02-26T14:58:52+08:00 ] ::1 /index.php/Home/public/test
INFO: [ app_init ] --START--
INFO: Run Behavior\BuildLiteBehavior [ RunTime:0.000019s ]
INFO: [ app_init ] --END-- [ RunTime:0.000826s ]
INFO: [ app_begin ] --START--
INFO: Run Behavior\ReadHtmlCacheBehavior [ RunTime:0.000728s ]
INFO: Run Behavior\CronRunBehavior [ RunTime:0.002238s ]
INFO: [ app_begin ] --END-- [ RunTime:0.003052s ]

[ 2017-02-26T14:59:06+08:00 ] ::1 /index.php/Home/public/test
INFO: [ app_init ] --START--
INFO: Run Behavior\BuildLiteBehavior [ RunTime:0.000035s ]
INFO: [ app_init ] --END-- [ RunTime:0.000609s ]
INFO: [ app_begin ] --START--
INFO: Run Behavior\ReadHtmlCacheBehavior [ RunTime:0.000738s ]
INFO: Run Behavior\CronRunBehavior [ RunTime:0.002315s ]
INFO: [ app_begin ] --END-- [ RunTime:0.003149s ]

[ 2017-02-26T14:59:46+08:00 ] ::1 /index.php/Home/public/verify
INFO: [ app_init ] --START--
INFO: Run Behavior\BuildLiteBehavior [ RunTime:0.000011s ]
INFO: [ app_init ] --END-- [ RunTime:0.000546s ]
INFO: [ app_begin ] --START--
INFO: Run Behavior\ReadHtmlCacheBehavior [ RunTime:0.002647s ]
INFO: Run Behavior\CronRunBehavior [ RunTime:0.002764s ]
INFO: [ app_begin ] --END-- [ RunTime:0.005534s ]
INFO: [ app_end ] --START--
INFO: Run Behavior\ShowPageTraceBehavior [ RunTime:0.000950s ]
INFO: [ app_end ] --END-- [ RunTime:0.001001s ]

[ 2017-02-26T14:59:54+08:00 ] ::1 /index.php/Home/public/test?verify=3449
INFO: [ app_init ] --START--
INFO: Run Behavior\BuildLiteBehavior [ RunTime:0.000014s ]
INFO: [ app_init ] --END-- [ RunTime:0.000813s ]
INFO: [ app_begin ] --START--
INFO: Run Behavior\ReadHtmlCacheBehavior [ RunTime:0.000861s ]
INFO: Run Behavior\CronRunBehavior [ RunTime:0.004038s ]
INFO: [ app_begin ] --END-- [ RunTime:0.005027s ]

[ 2017-02-26T15:04:12+08:00 ] ::1 /index.php/Home/
INFO: [ app_init ] --START--
INFO: Run Behavior\BuildLiteBehavior [ RunTime:0.000011s ]
INFO: [ app_init ] --END-- [ RunTime:0.000542s ]
INFO: [ app_begin ] --START--
INFO: Run Behavior\ReadHtmlCacheBehavior [ RunTime:0.000969s ]
INFO: Run Behavior\CronRunBehavior [ RunTime:0.002774s ]
INFO: [ app_begin ] --END-- [ RunTime:0.003864s ]

[ 2017-02-26T15:04:12+08:00 ] ::1 /index.php/Home/public/login.html
INFO: [ app_init ] --START--
INFO: Run Behavior\BuildLiteBehavior [ RunTime:0.000012s ]
INFO: [ app_init ] --END-- [ RunTime:0.000591s ]
INFO: [ app_begin ] --START--
INFO: Run Behavior\ReadHtmlCacheBehavior [ RunTime:0.000749s ]
INFO: Run Behavior\CronRunBehavior [ RunTime:0.002316s ]
INFO: [ app_begin ] --END-- [ RunTime:0.003158s ]
INFO: [ view_parse ] --START--
INFO: [ template_filter ] --START--
INFO: Run Behavior\ContentReplaceBehavior [ RunTime:0.000046s ]
INFO: [ template_filter ] --END-- [ RunTime:0.000090s ]
INFO: Run Behavior\ParseTemplateBehavior [ RunTime:0.016724s ]
INFO: [ view_parse ] --END-- [ RunTime:0.016829s ]
INFO: [ view_filter ] --START--
INFO: Run Behavior\WriteHtmlCacheBehavior [ RunTime:0.003162s ]
INFO: [ view_filter ] --END-- [ RunTime:0.003250s ]
INFO: [ app_end ] --START--
INFO: Run Behavior\ShowPageTraceBehavior [ RunTime:0.001433s ]
INFO: [ app_end ] --END-- [ RunTime:0.001508s ]

[ 2017-02-26T15:23:32+08:00 ] ::1 /index.php/Home/public/login
INFO: [ app_init ] --START--
INFO: Run Behavior\BuildLiteBehavior [ RunTime:0.000016s ]
INFO: [ app_init ] --END-- [ RunTime:0.000886s ]
INFO: [ app_begin ] --START--
INFO: Run Behavior\ReadHtmlCacheBehavior [ RunTime:0.001033s ]
INFO: Run Behavior\CronRunBehavior [ RunTime:0.003480s ]
INFO: [ app_begin ] --END-- [ RunTime:0.004713s ]
INFO: [ view_parse ] --START--
INFO: [ template_filter ] --START--
INFO: Run Behavior\ContentReplaceBehavior [ RunTime:0.000064s ]
INFO: [ template_filter ] --END-- [ RunTime:0.000126s ]
INFO: Run Behavior\ParseTemplateBehavior [ RunTime:0.018725s ]
INFO: [ view_parse ] --END-- [ RunTime:0.018778s ]
INFO: [ view_filter ] --START--
INFO: Run Behavior\WriteHtmlCacheBehavior [ RunTime:0.000736s ]
INFO: [ view_filter ] --END-- [ RunTime:0.000768s ]
INFO: [ app_end ] --START--
INFO: Run Behavior\ShowPageTraceBehavior [ RunTime:0.000760s ]
INFO: [ app_end ] --END-- [ RunTime:0.000849s ]

[ 2017-02-26T15:24:06+08:00 ] ::1 /admin.php/Home/Public/login
INFO: [ app_init ] --START--
INFO: Run Behavior\BuildLiteBehavior [ RunTime:0.000018s ]
INFO: [ app_init ] --END-- [ RunTime:0.001036s ]
INFO: [ app_begin ] --START--
INFO: Run Behavior\ReadHtmlCacheBehavior [ RunTime:0.001265s ]
INFO: Run Behavior\CronRunBehavior [ RunTime:0.004857s ]
INFO: [ app_begin ] --END-- [ RunTime:0.006366s ]
SQL: SHOW COLUMNS FROM `work_user` [ RunTime:0.0090s ]
SQL: SELECT COUNT(*) AS tp_count FROM `work_user` LIMIT 1   [ RunTime:0.0003s ]

[ 2017-02-26T15:24:17+08:00 ] ::1 /admin.php/Home/Public/login
INFO: [ app_init ] --START--
INFO: Run Behavior\BuildLiteBehavior [ RunTime:0.000017s ]
INFO: [ app_init ] --END-- [ RunTime:0.000805s ]
INFO: [ app_begin ] --START--
INFO: Run Behavior\ReadHtmlCacheBehavior [ RunTime:0.001085s ]
INFO: Run Behavior\CronRunBehavior [ RunTime:0.003371s ]
INFO: [ app_begin ] --END-- [ RunTime:0.004586s ]
SQL: SELECT COUNT(*) AS tp_count FROM `work_user` LIMIT 1   [ RunTime:0.0002s ]

[ 2017-02-26T15:26:48+08:00 ] ::1 /admin.php/Home/Public/login
INFO: [ app_init ] --START--
INFO: Run Behavior\BuildLiteBehavior [ RunTime:0.000012s ]
INFO: [ app_init ] --END-- [ RunTime:0.000677s ]
INFO: [ app_begin ] --START--
INFO: Run Behavior\ReadHtmlCacheBehavior [ RunTime:0.001799s ]
INFO: Run Behavior\CronRunBehavior [ RunTime:0.004407s ]
INFO: [ app_begin ] --END-- [ RunTime:0.006350s ]
SQL: SELECT COUNT(*) AS tp_count FROM `work_user` LIMIT 1   [ RunTime:0.0005s ]

[ 2017-02-26T15:27:01+08:00 ] ::1 /index.php/Home/public/login
INFO: [ app_init ] --START--
INFO: Run Behavior\BuildLiteBehavior [ RunTime:0.000020s ]
INFO: [ app_init ] --END-- [ RunTime:0.002177s ]
INFO: [ app_begin ] --START--
INFO: Run Behavior\ReadHtmlCacheBehavior [ RunTime:0.002039s ]
INFO: Run Behavior\CronRunBehavior [ RunTime:0.003650s ]
INFO: [ app_begin ] --END-- [ RunTime:0.005855s ]
INFO: [ view_parse ] --START--
INFO: [ template_filter ] --START--
INFO: Run Behavior\ContentReplaceBehavior [ RunTime:0.000062s ]
INFO: [ template_filter ] --END-- [ RunTime:0.000138s ]
INFO: Run Behavior\ParseTemplateBehavior [ RunTime:0.009799s ]
INFO: [ view_parse ] --END-- [ RunTime:0.009877s ]
INFO: [ view_filter ] --START--
INFO: Run Behavior\WriteHtmlCacheBehavior [ RunTime:0.000720s ]
INFO: [ view_filter ] --END-- [ RunTime:0.000752s ]
INFO: [ app_end ] --START--
INFO: Run Behavior\ShowPageTraceBehavior [ RunTime:0.000765s ]
INFO: [ app_end ] --END-- [ RunTime:0.000797s ]

[ 2017-02-26T15:27:18+08:00 ] ::1 /admin.php/Home/Public/login
INFO: [ app_init ] --START--
INFO: Run Behavior\BuildLiteBehavior [ RunTime:0.000022s ]
INFO: [ app_init ] --END-- [ RunTime:0.000991s ]
INFO: [ app_begin ] --START--
INFO: Run Behavior\ReadHtmlCacheBehavior [ RunTime:0.001318s ]
INFO: Run Behavior\CronRunBehavior [ RunTime:0.003413s ]
INFO: [ app_begin ] --END-- [ RunTime:0.004922s ]
SQL: SELECT COUNT(*) AS tp_count FROM `work_user` LIMIT 1   [ RunTime:0.0004s ]

[ 2017-02-26T15:28:41+08:00 ] ::1 /admin.php/Home/Public/login
INFO: [ app_init ] --START--
INFO: Run Behavior\BuildLiteBehavior [ RunTime:0.000018s ]
INFO: [ app_init ] --END-- [ RunTime:0.000845s ]
INFO: [ app_begin ] --START--
INFO: Run Behavior\ReadHtmlCacheBehavior [ RunTime:0.001571s ]
INFO: Run Behavior\CronRunBehavior [ RunTime:0.005153s ]
INFO: [ app_begin ] --END-- [ RunTime:0.006915s ]
SQL: SHOW COLUMNS FROM `work_admin_user` [ RunTime:0.0064s ]
SQL: SELECT COUNT(*) AS tp_count FROM `work_admin_user` WHERE `user_name` = 'admin' LIMIT 1   [ RunTime:0.0005s ]
SQL: SELECT * FROM `work_user` LIMIT 1   [ RunTime:0.0005s ]

[ 2017-02-26T15:30:31+08:00 ] ::1 /admin.php/Home/Public/login
INFO: [ app_init ] --START--
INFO: Run Behavior\BuildLiteBehavior [ RunTime:0.000052s ]
INFO: [ app_init ] --END-- [ RunTime:0.000790s ]
INFO: [ app_begin ] --START--
INFO: Run Behavior\ReadHtmlCacheBehavior [ RunTime:0.000807s ]
INFO: Run Behavior\CronRunBehavior [ RunTime:0.003363s ]
INFO: [ app_begin ] --END-- [ RunTime:0.004308s ]
SQL: SELECT COUNT(*) AS tp_count FROM `work_admin_user` WHERE `user_name` = 'admin' LIMIT 1   [ RunTime:0.0007s ]
SQL: SELECT * FROM `work_user` LIMIT 1   [ RunTime:0.0006s ]

[ 2017-02-26T15:31:59+08:00 ] ::1 /admin.php/Home/Public/login
INFO: [ app_init ] --START--
INFO: Run Behavior\BuildLiteBehavior [ RunTime:0.000012s ]
INFO: [ app_init ] --END-- [ RunTime:0.000598s ]
INFO: [ app_begin ] --START--
INFO: Run Behavior\ReadHtmlCacheBehavior [ RunTime:0.000955s ]
INFO: Run Behavior\CronRunBehavior [ RunTime:0.003007s ]
INFO: [ app_begin ] --END-- [ RunTime:0.004104s ]
SQL: SELECT COUNT(*) AS tp_count FROM `work_admin_user` WHERE `user_name` = 'admin' LIMIT 1   [ RunTime:0.0003s ]
SQL: SELECT * FROM `work_user` LIMIT 1   [ RunTime:0.0003s ]

[ 2017-02-26T15:32:11+08:00 ] ::1 /index.php/Home/public/login.html
INFO: [ app_init ] --START--
INFO: Run Behavior\BuildLiteBehavior [ RunTime:0.000019s ]
INFO: [ app_init ] --END-- [ RunTime:0.000873s ]
INFO: [ app_begin ] --START--
INFO: Run Behavior\ReadHtmlCacheBehavior [ RunTime:0.001452s ]
INFO: Run Behavior\CronRunBehavior [ RunTime:0.003850s ]
INFO: [ app_begin ] --END-- [ RunTime:0.005469s ]
INFO: [ view_parse ] --START--
INFO: [ template_filter ] --START--
INFO: Run Behavior\ContentReplaceBehavior [ RunTime:0.000055s ]
INFO: [ template_filter ] --END-- [ RunTime:0.000129s ]
INFO: Run Behavior\ParseTemplateBehavior [ RunTime:0.023106s ]
INFO: [ view_parse ] --END-- [ RunTime:0.023165s ]
INFO: [ view_filter ] --START--
INFO: Run Behavior\WriteHtmlCacheBehavior [ RunTime:0.001163s ]
INFO: [ view_filter ] --END-- [ RunTime:0.001214s ]
INFO: [ app_end ] --START--
INFO: Run Behavior\ShowPageTraceBehavior [ RunTime:0.001381s ]
INFO: [ app_end ] --END-- [ RunTime:0.001502s ]

[ 2017-02-26T15:32:22+08:00 ] ::1 /admin.php/Home/Public/login
INFO: [ app_init ] --START--
INFO: Run Behavior\BuildLiteBehavior [ RunTime:0.000017s ]
INFO: [ app_init ] --END-- [ RunTime:0.000945s ]
INFO: [ app_begin ] --START--
INFO: Run Behavior\ReadHtmlCacheBehavior [ RunTime:0.001473s ]
INFO: Run Behavior\CronRunBehavior [ RunTime:0.004235s ]
INFO: [ app_begin ] --END-- [ RunTime:0.005888s ]
SQL: SELECT COUNT(*) AS tp_count FROM `work_admin_user` WHERE `user_name` = 'admin' LIMIT 1   [ RunTime:0.0004s ]
SQL: SELECT * FROM `work_user` LIMIT 1   [ RunTime:0.0004s ]

[ 2017-02-26T15:32:42+08:00 ] ::1 /admin.php/Home/Public/login
INFO: [ app_init ] --START--
INFO: Run Behavior\BuildLiteBehavior [ RunTime:0.000016s ]
INFO: [ app_init ] --END-- [ RunTime:0.000699s ]
INFO: [ app_begin ] --START--
INFO: Run Behavior\ReadHtmlCacheBehavior [ RunTime:0.001069s ]
INFO: Run Behavior\CronRunBehavior [ RunTime:0.003124s ]
INFO: [ app_begin ] --END-- [ RunTime:0.004327s ]
SQL: SELECT COUNT(*) AS tp_count FROM `work_admin_user` WHERE `user_name` = 'admin' LIMIT 1   [ RunTime:0.0003s ]
SQL: SELECT * FROM `work_admin_user` LIMIT 1   [ RunTime:0.0002s ]

[ 2017-02-26T15:33:32+08:00 ] ::1 /admin.php/Home/Public/login
INFO: [ app_init ] --START--
INFO: Run Behavior\BuildLiteBehavior [ RunTime:0.000017s ]
INFO: [ app_init ] --END-- [ RunTime:0.001142s ]
INFO: [ app_begin ] --START--
INFO: Run Behavior\ReadHtmlCacheBehavior [ RunTime:0.000856s ]
INFO: Run Behavior\CronRunBehavior [ RunTime:0.002860s ]
INFO: [ app_begin ] --END-- [ RunTime:0.003832s ]
SQL: SELECT COUNT(*) AS tp_count FROM `work_admin_user` WHERE `user_name` = 'admin' LIMIT 1   [ RunTime:0.0004s ]
SQL: SELECT * FROM `work_admin_user` LIMIT 1   [ RunTime:0.0005s ]
NOTIC: [8] Undefined index: username C:\EPP4\workspace\work\work\App\Home\Service\AdminService.class.php 第 19 行.
NOTIC: [8] Undefined index: truename C:\EPP4\workspace\work\work\App\Home\Service\AdminService.class.php 第 20 行.
NOTIC: [8] Undefined index: depid C:\EPP4\workspace\work\work\App\Home\Service\AdminService.class.php 第 21 行.
NOTIC: [8] Undefined index: logins C:\EPP4\workspace\work\work\App\Home\Service\AdminService.class.php 第 24 行.
NOTIC: [8] Undefined variable: set C:\EPP4\workspace\work\work\Core\Library\Think\Db\Driver.class.php 第 374 行.
NOTIC: [2] implode(): Invalid arguments passed C:\EPP4\workspace\work\work\Core\Library\Think\Db\Driver.class.php 第 374 行.
ERR: SQLSTATE[42000]: Syntax error or access violation: 1064 You have an error in your SQL syntax; check the manual that corresponds to your MySQL server version for the right syntax to use near 'WHERE `id` = 1' at line 1

[ 2017-02-26T15:35:54+08:00 ] ::1 /admin.php/Home/Public/login
INFO: [ app_init ] --START--
INFO: Run Behavior\BuildLiteBehavior [ RunTime:0.000044s ]
INFO: [ app_init ] --END-- [ RunTime:0.000731s ]
INFO: [ app_begin ] --START--
INFO: Run Behavior\ReadHtmlCacheBehavior [ RunTime:0.001064s ]
INFO: Run Behavior\CronRunBehavior [ RunTime:0.003424s ]
INFO: [ app_begin ] --END-- [ RunTime:0.004629s ]
SQL: SELECT COUNT(*) AS tp_count FROM `work_admin_user` WHERE `user_name` = 'admin' LIMIT 1   [ RunTime:0.0003s ]
SQL: SELECT * FROM `work_admin_user` LIMIT 1   [ RunTime:0.0002s ]
NOTIC: [8] Undefined index: logins C:\EPP4\workspace\work\work\App\Home\Service\AdminService.class.php 第 24 行.
SQL: UPDATE `work_admin_user` SET `last_time`='2017-02-26 15:35:54',`last_ip`='0.0.0.0' WHERE `id` = 1 [ RunTime:0.0005s ]
ERR: SQLSTATE[42S02]: Base table or view not found: 1146 Table 'work.work_log' doesn't exist

[ 2017-02-26T15:36:31+08:00 ] ::1 /admin.php/Home/Public/login
INFO: [ app_init ] --START--
INFO: Run Behavior\BuildLiteBehavior [ RunTime:0.000014s ]
INFO: [ app_init ] --END-- [ RunTime:0.000821s ]
INFO: [ app_begin ] --START--
INFO: Run Behavior\ReadHtmlCacheBehavior [ RunTime:0.000814s ]
INFO: Run Behavior\CronRunBehavior [ RunTime:0.002599s ]
INFO: [ app_begin ] --END-- [ RunTime:0.003526s ]
SQL: SELECT COUNT(*) AS tp_count FROM `work_admin_user` WHERE `user_name` = 'admin' LIMIT 1   [ RunTime:0.0003s ]
SQL: SELECT * FROM `work_admin_user` LIMIT 1   [ RunTime:0.0002s ]
NOTIC: [8] Undefined index: logins C:\EPP4\workspace\work\work\App\Home\Service\AdminService.class.php 第 24 行.
SQL: UPDATE `work_admin_user` SET `last_time`='2017-02-26 15:36:31',`last_ip`='0.0.0.0' WHERE `id` = 1 [ RunTime:0.0005s ]
ERR: SQLSTATE[42S02]: Base table or view not found: 1146 Table 'work.work_log' doesn't exist

[ 2017-02-26T15:39:24+08:00 ] ::1 /admin.php/Home/Public/login
INFO: [ app_init ] --START--
INFO: Run Behavior\BuildLiteBehavior [ RunTime:0.000015s ]
INFO: [ app_init ] --END-- [ RunTime:0.000960s ]
INFO: [ app_begin ] --START--
INFO: Run Behavior\ReadHtmlCacheBehavior [ RunTime:0.001107s ]
INFO: Run Behavior\CronRunBehavior [ RunTime:0.004358s ]
INFO: [ app_begin ] --END-- [ RunTime:0.005830s ]
SQL: SELECT COUNT(*) AS tp_count FROM `work_admin_user` WHERE `user_name` = 'admin' LIMIT 1   [ RunTime:0.0004s ]
SQL: SELECT * FROM `work_admin_user` LIMIT 1   [ RunTime:0.0002s ]
NOTIC: [8] Undefined index: logins C:\EPP4\workspace\work\work\App\Home\Service\AdminService.class.php 第 24 行.
SQL: UPDATE `work_admin_user` SET `last_time`='2017-02-26 15:39:24',`last_ip`='0.0.0.0' WHERE `id` = 1 [ RunTime:0.0003s ]
SQL: SHOW COLUMNS FROM `work_admin_log` [ RunTime:0.0076s ]
SQL: INSERT INTO `work_admin_log` (`content`,`os`,`url`,`addtime`,`ip`) VALUES ('登录成功！','Mozilla/5.0 (Windows NT 10.0; WOW64) AppleWebKit/537.36 (KHTML, like Gecko) Chrome/53.0.2785.104 Safari/537.36 Core/1.53.2141.400 QQBrowser/9.5.10219.400','/admin.php/Home/Public/login.html','2017-02-26 15:39:24','0.0.0.0') [ RunTime:0.0007s ]

[ 2017-02-26T15:39:27+08:00 ] ::1 /admin.php/Home/Admin/index
INFO: [ app_init ] --START--
INFO: Run Behavior\BuildLiteBehavior [ RunTime:0.000017s ]
INFO: [ app_init ] --END-- [ RunTime:0.001042s ]
INFO: [ app_begin ] --START--
INFO: Run Behavior\ReadHtmlCacheBehavior [ RunTime:0.001570s ]
INFO: Run Behavior\CronRunBehavior [ RunTime:0.005013s ]
INFO: [ app_begin ] --END-- [ RunTime:0.006750s ]
SQL: SELECT * FROM `work_user` WHERE `id` = 1 LIMIT 1   [ RunTime:0.0003s ]
ERR: SQLSTATE[42S02]: Base table or view not found: 1146 Table 'work.work_recharge' doesn't exist

[ 2017-02-26T15:42:59+08:00 ] ::1 /admin.php/Home/
INFO: [ app_init ] --START--
INFO: Run Behavior\BuildLiteBehavior [ RunTime:0.000019s ]
INFO: [ app_init ] --END-- [ RunTime:0.001049s ]
INFO: [ app_begin ] --START--
INFO: Run Behavior\ReadHtmlCacheBehavior [ RunTime:0.001377s ]
INFO: Run Behavior\CronRunBehavior [ RunTime:0.005634s ]
INFO: [ app_begin ] --END-- [ RunTime:0.007182s ]

[ 2017-02-26T15:43:01+08:00 ] ::1 /admin.php/Home/Admin/index.html
INFO: [ app_init ] --START--
INFO: Run Behavior\BuildLiteBehavior [ RunTime:0.000017s ]
INFO: [ app_init ] --END-- [ RunTime:0.000582s ]
INFO: [ app_begin ] --START--
INFO: Run Behavior\ReadHtmlCacheBehavior [ RunTime:0.000968s ]
INFO: Run Behavior\CronRunBehavior [ RunTime:0.002919s ]
INFO: [ app_begin ] --END-- [ RunTime:0.004020s ]
SQL: SELECT * FROM `work_user` WHERE `id` = 1 LIMIT 1   [ RunTime:0.0006s ]
ERR: SQLSTATE[42S02]: Base table or view not found: 1146 Table 'work.work_recharge' doesn't exist

[ 2017-02-26T15:43:06+08:00 ] ::1 /admin.php/Home/login
INFO: [ app_init ] --START--
INFO: Run Behavior\BuildLiteBehavior [ RunTime:0.000025s ]
INFO: [ app_init ] --END-- [ RunTime:0.000935s ]
INFO: [ app_begin ] --START--
INFO: Run Behavior\ReadHtmlCacheBehavior [ RunTime:0.001383s ]
INFO: Run Behavior\CronRunBehavior [ RunTime:0.005567s ]
INFO: [ app_begin ] --END-- [ RunTime:0.007117s ]
INFO: [ app_end ] --START--
INFO: Run Behavior\ShowPageTraceBehavior [ RunTime:0.003554s ]
INFO: [ app_end ] --END-- [ RunTime:0.003653s ]

[ 2017-02-26T15:43:14+08:00 ] ::1 /admin.php/Home/public/login
INFO: [ app_init ] --START--
INFO: Run Behavior\BuildLiteBehavior [ RunTime:0.000013s ]
INFO: [ app_init ] --END-- [ RunTime:0.000652s ]
INFO: [ app_begin ] --START--
INFO: Run Behavior\ReadHtmlCacheBehavior [ RunTime:0.001350s ]
INFO: Run Behavior\CronRunBehavior [ RunTime:0.003137s ]
INFO: [ app_begin ] --END-- [ RunTime:0.004619s ]
INFO: [ view_parse ] --START--
INFO: [ template_filter ] --START--
INFO: Run Behavior\ContentReplaceBehavior [ RunTime:0.000050s ]
INFO: [ template_filter ] --END-- [ RunTime:0.000098s ]
INFO: Run Behavior\ParseTemplateBehavior [ RunTime:0.016224s ]
INFO: [ view_parse ] --END-- [ RunTime:0.016273s ]
INFO: [ view_filter ] --START--
INFO: Run Behavior\WriteHtmlCacheBehavior [ RunTime:0.000713s ]
INFO: [ view_filter ] --END-- [ RunTime:0.000744s ]
INFO: [ app_end ] --START--
INFO: Run Behavior\ShowPageTraceBehavior [ RunTime:0.000734s ]
INFO: [ app_end ] --END-- [ RunTime:0.000765s ]

[ 2017-02-26T15:43:35+08:00 ] ::1 /admin.php/Home/public/login
INFO: [ app_init ] --START--
INFO: Run Behavior\BuildLiteBehavior [ RunTime:0.000012s ]
INFO: [ app_init ] --END-- [ RunTime:0.000564s ]
INFO: [ app_begin ] --START--
INFO: Run Behavior\ReadHtmlCacheBehavior [ RunTime:0.000768s ]
INFO: Run Behavior\CronRunBehavior [ RunTime:0.002379s ]
INFO: [ app_begin ] --END-- [ RunTime:0.003248s ]
INFO: [ view_parse ] --START--
INFO: [ template_filter ] --START--
INFO: Run Behavior\ContentReplaceBehavior [ RunTime:0.000071s ]
INFO: [ template_filter ] --END-- [ RunTime:0.000137s ]
INFO: Run Behavior\ParseTemplateBehavior [ RunTime:0.022609s ]
INFO: [ view_parse ] --END-- [ RunTime:0.022659s ]
INFO: [ view_filter ] --START--
INFO: Run Behavior\WriteHtmlCacheBehavior [ RunTime:0.000715s ]
INFO: [ view_filter ] --END-- [ RunTime:0.000745s ]
INFO: [ app_end ] --START--
INFO: Run Behavior\ShowPageTraceBehavior [ RunTime:0.000796s ]
INFO: [ app_end ] --END-- [ RunTime:0.000831s ]

[ 2017-02-26T15:51:30+08:00 ] ::1 /admin.php/Home/public/login
INFO: [ app_init ] --START--
INFO: Run Behavior\BuildLiteBehavior [ RunTime:0.000012s ]
INFO: [ app_init ] --END-- [ RunTime:0.000603s ]
INFO: [ app_begin ] --START--
INFO: Run Behavior\ReadHtmlCacheBehavior [ RunTime:0.000977s ]
INFO: Run Behavior\CronRunBehavior [ RunTime:0.005167s ]
INFO: [ app_begin ] --END-- [ RunTime:0.006306s ]
INFO: [ view_parse ] --START--
INFO: [ template_filter ] --START--
INFO: Run Behavior\ContentReplaceBehavior [ RunTime:0.000050s ]
INFO: [ template_filter ] --END-- [ RunTime:0.000099s ]
INFO: Run Behavior\ParseTemplateBehavior [ RunTime:0.021527s ]
INFO: [ view_parse ] --END-- [ RunTime:0.021583s ]
INFO: [ view_filter ] --START--
INFO: Run Behavior\WriteHtmlCacheBehavior [ RunTime:0.000897s ]
INFO: [ view_filter ] --END-- [ RunTime:0.000949s ]
INFO: [ app_end ] --START--
INFO: Run Behavior\ShowPageTraceBehavior [ RunTime:0.002023s ]
INFO: [ app_end ] --END-- [ RunTime:0.002081s ]

[ 2017-02-26T15:55:28+08:00 ] ::1 /admin.php/Home/public/login
INFO: [ app_init ] --START--
INFO: Run Behavior\BuildLiteBehavior [ RunTime:0.000012s ]
INFO: [ app_init ] --END-- [ RunTime:0.000610s ]
INFO: [ app_begin ] --START--
INFO: Run Behavior\ReadHtmlCacheBehavior [ RunTime:0.000807s ]
INFO: Run Behavior\CronRunBehavior [ RunTime:0.002838s ]
INFO: [ app_begin ] --END-- [ RunTime:0.003769s ]
INFO: [ view_parse ] --START--
INFO: [ template_filter ] --START--
INFO: Run Behavior\ContentReplaceBehavior [ RunTime:0.000066s ]
INFO: [ template_filter ] --END-- [ RunTime:0.000129s ]
INFO: Run Behavior\ParseTemplateBehavior [ RunTime:0.011484s ]
INFO: [ view_parse ] --END-- [ RunTime:0.011564s ]
INFO: [ view_filter ] --START--
INFO: Run Behavior\WriteHtmlCacheBehavior [ RunTime:0.001017s ]
INFO: [ view_filter ] --END-- [ RunTime:0.001083s ]
INFO: [ app_end ] --START--
INFO: Run Behavior\ShowPageTraceBehavior [ RunTime:0.000753s ]
INFO: [ app_end ] --END-- [ RunTime:0.000787s ]

[ 2017-02-26T16:07:24+08:00 ] ::1 /admin.php/Home/public/login
INFO: [ app_init ] --START--
INFO: Run Behavior\BuildLiteBehavior [ RunTime:0.000014s ]
INFO: [ app_init ] --END-- [ RunTime:0.000929s ]
INFO: [ app_begin ] --START--
INFO: Run Behavior\ReadHtmlCacheBehavior [ RunTime:0.001020s ]
INFO: Run Behavior\CronRunBehavior [ RunTime:0.003039s ]
INFO: [ app_begin ] --END-- [ RunTime:0.004217s ]
INFO: [ view_parse ] --START--
INFO: [ template_filter ] --START--
INFO: Run Behavior\ContentReplaceBehavior [ RunTime:0.000049s ]
INFO: [ template_filter ] --END-- [ RunTime:0.000098s ]
INFO: Run Behavior\ParseTemplateBehavior [ RunTime:0.024473s ]
INFO: [ view_parse ] --END-- [ RunTime:0.024544s ]
INFO: [ view_filter ] --START--
INFO: Run Behavior\WriteHtmlCacheBehavior [ RunTime:0.000924s ]
INFO: [ view_filter ] --END-- [ RunTime:0.000967s ]
INFO: [ app_end ] --START--
INFO: Run Behavior\ShowPageTraceBehavior [ RunTime:0.001016s ]
INFO: [ app_end ] --END-- [ RunTime:0.001063s ]

[ 2017-02-26T16:07:36+08:00 ] ::1 /admin.php/Home/public/login
INFO: [ app_init ] --START--
INFO: Run Behavior\BuildLiteBehavior [ RunTime:0.000015s ]
INFO: [ app_init ] --END-- [ RunTime:0.000581s ]
INFO: [ app_begin ] --START--
INFO: Run Behavior\ReadHtmlCacheBehavior [ RunTime:0.001078s ]
INFO: Run Behavior\CronRunBehavior [ RunTime:0.003075s ]
INFO: [ app_begin ] --END-- [ RunTime:0.004323s ]
INFO: [ view_parse ] --START--
INFO: [ template_filter ] --START--
INFO: Run Behavior\ContentReplaceBehavior [ RunTime:0.000046s ]
INFO: [ template_filter ] --END-- [ RunTime:0.000090s ]
INFO: Run Behavior\ParseTemplateBehavior [ RunTime:0.009506s ]
INFO: [ view_parse ] --END-- [ RunTime:0.009596s ]
INFO: [ view_filter ] --START--
INFO: Run Behavior\WriteHtmlCacheBehavior [ RunTime:0.000730s ]
INFO: [ view_filter ] --END-- [ RunTime:0.000767s ]
INFO: [ app_end ] --START--
INFO: Run Behavior\ShowPageTraceBehavior [ RunTime:0.001023s ]
INFO: [ app_end ] --END-- [ RunTime:0.001069s ]

[ 2017-02-26T16:07:37+08:00 ] ::1 /admin.php/Home/public/login
INFO: [ app_init ] --START--
INFO: Run Behavior\BuildLiteBehavior [ RunTime:0.000015s ]
INFO: [ app_init ] --END-- [ RunTime:0.000633s ]
INFO: [ app_begin ] --START--
INFO: Run Behavior\ReadHtmlCacheBehavior [ RunTime:0.001039s ]
INFO: Run Behavior\CronRunBehavior [ RunTime:0.003048s ]
INFO: [ app_begin ] --END-- [ RunTime:0.004223s ]
INFO: [ view_parse ] --START--
INFO: [ template_filter ] --START--
INFO: Run Behavior\ContentReplaceBehavior [ RunTime:0.000050s ]
INFO: [ template_filter ] --END-- [ RunTime:0.000097s ]
INFO: Run Behavior\ParseTemplateBehavior [ RunTime:0.009863s ]
INFO: [ view_parse ] --END-- [ RunTime:0.009912s ]
INFO: [ view_filter ] --START--
INFO: Run Behavior\WriteHtmlCacheBehavior [ RunTime:0.000747s ]
INFO: [ view_filter ] --END-- [ RunTime:0.000778s ]
INFO: [ app_end ] --START--
INFO: Run Behavior\ShowPageTraceBehavior [ RunTime:0.000755s ]
INFO: [ app_end ] --END-- [ RunTime:0.000790s ]

[ 2017-02-26T16:07:38+08:00 ] ::1 /admin.php/Home/public/login
INFO: [ app_init ] --START--
INFO: Run Behavior\BuildLiteBehavior [ RunTime:0.000011s ]
INFO: [ app_init ] --END-- [ RunTime:0.000556s ]
INFO: [ app_begin ] --START--
INFO: Run Behavior\ReadHtmlCacheBehavior [ RunTime:0.000799s ]
INFO: Run Behavior\CronRunBehavior [ RunTime:0.003519s ]
INFO: [ app_begin ] --END-- [ RunTime:0.004470s ]
INFO: [ view_parse ] --START--
INFO: [ template_filter ] --START--
INFO: Run Behavior\ContentReplaceBehavior [ RunTime:0.000132s ]
INFO: [ template_filter ] --END-- [ RunTime:0.000390s ]
INFO: Run Behavior\ParseTemplateBehavior [ RunTime:0.012732s ]
INFO: [ view_parse ] --END-- [ RunTime:0.012785s ]
INFO: [ view_filter ] --START--
INFO: Run Behavior\WriteHtmlCacheBehavior [ RunTime:0.000705s ]
INFO: [ view_filter ] --END-- [ RunTime:0.000739s ]
INFO: [ app_end ] --START--
INFO: Run Behavior\ShowPageTraceBehavior [ RunTime:0.001032s ]
INFO: [ app_end ] --END-- [ RunTime:0.001086s ]

[ 2017-02-26T16:07:39+08:00 ] ::1 /admin.php/Home/public/login
INFO: [ app_init ] --START--
INFO: Run Behavior\BuildLiteBehavior [ RunTime:0.000011s ]
INFO: [ app_init ] --END-- [ RunTime:0.000572s ]
INFO: [ app_begin ] --START--
INFO: Run Behavior\ReadHtmlCacheBehavior [ RunTime:0.001294s ]
INFO: Run Behavior\CronRunBehavior [ RunTime:0.002894s ]
INFO: [ app_begin ] --END-- [ RunTime:0.004315s ]
INFO: [ view_parse ] --START--
INFO: [ template_filter ] --START--
INFO: Run Behavior\ContentReplaceBehavior [ RunTime:0.000062s ]
INFO: [ template_filter ] --END-- [ RunTime:0.000118s ]
INFO: Run Behavior\ParseTemplateBehavior [ RunTime:0.012582s ]
INFO: [ view_parse ] --END-- [ RunTime:0.012732s ]
INFO: [ view_filter ] --START--
INFO: Run Behavior\WriteHtmlCacheBehavior [ RunTime:0.000744s ]
INFO: [ view_filter ] --END-- [ RunTime:0.000782s ]
INFO: [ app_end ] --START--
INFO: Run Behavior\ShowPageTraceBehavior [ RunTime:0.001155s ]
INFO: [ app_end ] --END-- [ RunTime:0.001210s ]

[ 2017-02-26T16:07:40+08:00 ] ::1 /admin.php/Home/public/login
INFO: [ app_init ] --START--
INFO: Run Behavior\BuildLiteBehavior [ RunTime:0.000014s ]
INFO: [ app_init ] --END-- [ RunTime:0.000678s ]
INFO: [ app_begin ] --START--
INFO: Run Behavior\ReadHtmlCacheBehavior [ RunTime:0.000833s ]
INFO: Run Behavior\CronRunBehavior [ RunTime:0.002480s ]
INFO: [ app_begin ] --END-- [ RunTime:0.003424s ]
INFO: [ view_parse ] --START--
INFO: [ template_filter ] --START--
INFO: Run Behavior\ContentReplaceBehavior [ RunTime:0.000048s ]
INFO: [ template_filter ] --END-- [ RunTime:0.000096s ]
INFO: Run Behavior\ParseTemplateBehavior [ RunTime:0.011521s ]
INFO: [ view_parse ] --END-- [ RunTime:0.011572s ]
INFO: [ view_filter ] --START--
INFO: Run Behavior\WriteHtmlCacheBehavior [ RunTime:0.000721s ]
INFO: [ view_filter ] --END-- [ RunTime:0.000752s ]
INFO: [ app_end ] --START--
INFO: Run Behavior\ShowPageTraceBehavior [ RunTime:0.000758s ]
INFO: [ app_end ] --END-- [ RunTime:0.000798s ]

[ 2017-02-26T16:07:40+08:00 ] ::1 /admin.php/Home/public/login
INFO: [ app_init ] --START--
INFO: Run Behavior\BuildLiteBehavior [ RunTime:0.000012s ]
INFO: [ app_init ] --END-- [ RunTime:0.000578s ]
INFO: [ app_begin ] --START--
INFO: Run Behavior\ReadHtmlCacheBehavior [ RunTime:0.000994s ]
INFO: Run Behavior\CronRunBehavior [ RunTime:0.004324s ]
INFO: [ app_begin ] --END-- [ RunTime:0.005454s ]
INFO: [ view_parse ] --START--
INFO: [ template_filter ] --START--
INFO: Run Behavior\ContentReplaceBehavior [ RunTime:0.000048s ]
INFO: [ template_filter ] --END-- [ RunTime:0.000096s ]
INFO: Run Behavior\ParseTemplateBehavior [ RunTime:0.011017s ]
INFO: [ view_parse ] --END-- [ RunTime:0.011078s ]
INFO: [ view_filter ] --START--
INFO: Run Behavior\WriteHtmlCacheBehavior [ RunTime:0.001058s ]
INFO: [ view_filter ] --END-- [ RunTime:0.001104s ]
INFO: [ app_end ] --START--
INFO: Run Behavior\ShowPageTraceBehavior [ RunTime:0.000747s ]
INFO: [ app_end ] --END-- [ RunTime:0.000782s ]

[ 2017-02-26T16:07:41+08:00 ] ::1 /admin.php/Home/public/login
INFO: [ app_init ] --START--
INFO: Run Behavior\BuildLiteBehavior [ RunTime:0.000021s ]
INFO: [ app_init ] --END-- [ RunTime:0.000773s ]
INFO: [ app_begin ] --START--
INFO: Run Behavior\ReadHtmlCacheBehavior [ RunTime:0.001105s ]
INFO: Run Behavior\CronRunBehavior [ RunTime:0.002894s ]
INFO: [ app_begin ] --END-- [ RunTime:0.004167s ]
INFO: [ view_parse ] --START--
INFO: [ template_filter ] --START--
INFO: Run Behavior\ContentReplaceBehavior [ RunTime:0.000048s ]
INFO: [ template_filter ] --END-- [ RunTime:0.000098s ]
INFO: Run Behavior\ParseTemplateBehavior [ RunTime:0.010089s ]
INFO: [ view_parse ] --END-- [ RunTime:0.010136s ]
INFO: [ view_filter ] --START--
INFO: Run Behavior\WriteHtmlCacheBehavior [ RunTime:0.000705s ]
INFO: [ view_filter ] --END-- [ RunTime:0.000736s ]
INFO: [ app_end ] --START--
INFO: Run Behavior\ShowPageTraceBehavior [ RunTime:0.000764s ]
INFO: [ app_end ] --END-- [ RunTime:0.000799s ]

[ 2017-02-26T16:07:41+08:00 ] ::1 /admin.php/Home/public/login
INFO: [ app_init ] --START--
INFO: Run Behavior\BuildLiteBehavior [ RunTime:0.000011s ]
INFO: [ app_init ] --END-- [ RunTime:0.000555s ]
INFO: [ app_begin ] --START--
INFO: Run Behavior\ReadHtmlCacheBehavior [ RunTime:0.000796s ]
INFO: Run Behavior\CronRunBehavior [ RunTime:0.002964s ]
INFO: [ app_begin ] --END-- [ RunTime:0.003872s ]
INFO: [ view_parse ] --START--
INFO: [ template_filter ] --START--
INFO: Run Behavior\ContentReplaceBehavior [ RunTime:0.000058s ]
INFO: [ template_filter ] --END-- [ RunTime:0.000118s ]
INFO: Run Behavior\ParseTemplateBehavior [ RunTime:0.009286s ]
INFO: [ view_parse ] --END-- [ RunTime:0.009352s ]
INFO: [ view_filter ] --START--
INFO: Run Behavior\WriteHtmlCacheBehavior [ RunTime:0.000755s ]
INFO: [ view_filter ] --END-- [ RunTime:0.000788s ]
INFO: [ app_end ] --START--
INFO: Run Behavior\ShowPageTraceBehavior [ RunTime:0.001071s ]
INFO: [ app_end ] --END-- [ RunTime:0.001115s ]

[ 2017-02-26T16:07:42+08:00 ] ::1 /admin.php/Home/public/login
INFO: [ app_init ] --START--
INFO: Run Behavior\BuildLiteBehavior [ RunTime:0.000015s ]
INFO: [ app_init ] --END-- [ RunTime:0.000972s ]
INFO: [ app_begin ] --START--
INFO: Run Behavior\ReadHtmlCacheBehavior [ RunTime:0.001120s ]
INFO: Run Behavior\CronRunBehavior [ RunTime:0.002536s ]
INFO: [ app_begin ] --END-- [ RunTime:0.003865s ]
INFO: [ view_parse ] --START--
INFO: [ template_filter ] --START--
INFO: Run Behavior\ContentReplaceBehavior [ RunTime:0.000049s ]
INFO: [ template_filter ] --END-- [ RunTime:0.000097s ]
INFO: Run Behavior\ParseTemplateBehavior [ RunTime:0.010415s ]
INFO: [ view_parse ] --END-- [ RunTime:0.010469s ]
INFO: [ view_filter ] --START--
INFO: Run Behavior\WriteHtmlCacheBehavior [ RunTime:0.000725s ]
INFO: [ view_filter ] --END-- [ RunTime:0.000758s ]
INFO: [ app_end ] --START--
INFO: Run Behavior\ShowPageTraceBehavior [ RunTime:0.000741s ]
INFO: [ app_end ] --END-- [ RunTime:0.000774s ]

[ 2017-02-26T16:07:42+08:00 ] ::1 /admin.php/Home/public/login
INFO: [ app_init ] --START--
INFO: Run Behavior\BuildLiteBehavior [ RunTime:0.000011s ]
INFO: [ app_init ] --END-- [ RunTime:0.000597s ]
INFO: [ app_begin ] --START--
INFO: Run Behavior\ReadHtmlCacheBehavior [ RunTime:0.000936s ]
INFO: Run Behavior\CronRunBehavior [ RunTime:0.002615s ]
INFO: [ app_begin ] --END-- [ RunTime:0.003735s ]
INFO: [ view_parse ] --START--
INFO: [ template_filter ] --START--
INFO: Run Behavior\ContentReplaceBehavior [ RunTime:0.000066s ]
INFO: [ template_filter ] --END-- [ RunTime:0.000123s ]
INFO: Run Behavior\ParseTemplateBehavior [ RunTime:0.014513s ]
INFO: [ view_parse ] --END-- [ RunTime:0.014573s ]
INFO: [ view_filter ] --START--
INFO: Run Behavior\WriteHtmlCacheBehavior [ RunTime:0.001128s ]
INFO: [ view_filter ] --END-- [ RunTime:0.001183s ]
INFO: [ app_end ] --START--
INFO: Run Behavior\ShowPageTraceBehavior [ RunTime:0.001217s ]
INFO: [ app_end ] --END-- [ RunTime:0.001282s ]

[ 2017-02-26T16:14:06+08:00 ] ::1 /admin.php/
INFO: [ app_init ] --START--
INFO: Run Behavior\BuildLiteBehavior [ RunTime:0.000012s ]
INFO: [ app_init ] --END-- [ RunTime:0.000675s ]
INFO: [ app_begin ] --START--
INFO: Run Behavior\ReadHtmlCacheBehavior [ RunTime:0.000920s ]
INFO: Run Behavior\CronRunBehavior [ RunTime:0.003142s ]
INFO: [ app_begin ] --END-- [ RunTime:0.004207s ]

[ 2017-02-26T16:14:07+08:00 ] ::1 /admin.php/Home/Admin/index.html
INFO: [ app_init ] --START--
INFO: Run Behavior\BuildLiteBehavior [ RunTime:0.000020s ]
INFO: [ app_init ] --END-- [ RunTime:0.000929s ]
INFO: [ app_begin ] --START--
INFO: Run Behavior\ReadHtmlCacheBehavior [ RunTime:0.000941s ]
INFO: Run Behavior\CronRunBehavior [ RunTime:0.002587s ]
INFO: [ app_begin ] --END-- [ RunTime:0.003691s ]
SQL: SELECT * FROM `work_user` WHERE `id` = 1 LIMIT 1   [ RunTime:0.0032s ]
ERR: SQLSTATE[42S02]: Base table or view not found: 1146 Table 'work.work_recharge' doesn't exist

[ 2017-02-26T16:22:04+08:00 ] ::1 /admin.php/Home/Admin/index.html
INFO: [ app_init ] --START--
INFO: Run Behavior\BuildLiteBehavior [ RunTime:0.000025s ]
INFO: [ app_init ] --END-- [ RunTime:0.001140s ]
INFO: [ app_begin ] --START--
INFO: Run Behavior\ReadHtmlCacheBehavior [ RunTime:0.000824s ]
INFO: Run Behavior\CronRunBehavior [ RunTime:0.003024s ]
INFO: [ app_begin ] --END-- [ RunTime:0.003982s ]
SQL: SELECT * FROM `work_user` WHERE `id` = 1 LIMIT 1   [ RunTime:0.0023s ]
ERR: SQLSTATE[42S02]: Base table or view not found: 1146 Table 'work.work_work_users' doesn't exist

[ 2017-02-26T16:22:16+08:00 ] ::1 /admin.php/Home/Admin/index.html
INFO: [ app_init ] --START--
INFO: Run Behavior\BuildLiteBehavior [ RunTime:0.000014s ]
INFO: [ app_init ] --END-- [ RunTime:0.000703s ]
INFO: [ app_begin ] --START--
INFO: Run Behavior\ReadHtmlCacheBehavior [ RunTime:0.000777s ]
INFO: Run Behavior\CronRunBehavior [ RunTime:0.004641s ]
INFO: [ app_begin ] --END-- [ RunTime:0.005545s ]
SQL: SELECT * FROM `work_user` WHERE `id` = 1 LIMIT 1   [ RunTime:0.0003s ]
ERR: SQLSTATE[42S02]: Base table or view not found: 1146 Table 'work.work_users' doesn't exist

[ 2017-02-26T16:22:26+08:00 ] ::1 /admin.php/Home/Admin/index.html
INFO: [ app_init ] --START--
INFO: Run Behavior\BuildLiteBehavior [ RunTime:0.000012s ]
INFO: [ app_init ] --END-- [ RunTime:0.000554s ]
INFO: [ app_begin ] --START--
INFO: Run Behavior\ReadHtmlCacheBehavior [ RunTime:0.000812s ]
INFO: Run Behavior\CronRunBehavior [ RunTime:0.003024s ]
INFO: [ app_begin ] --END-- [ RunTime:0.003943s ]
SQL: SELECT * FROM `work_user` WHERE `id` = 1 LIMIT 1   [ RunTime:0.0003s ]
NOTIC: [8] Undefined variable: yesmap C:\EPP4\workspace\work\work\App\Home\Controller\AdminController.class.php 第 41 行.
SQL: SELECT COUNT(*) AS tp_count FROM `work_user` LIMIT 1   [ RunTime:0.0003s ]
SQL: SELECT COUNT(*) AS tp_count FROM `work_user` LIMIT 1   [ RunTime:0.0002s ]

[ 2017-02-26T16:22:51+08:00 ] ::1 /admin.php/Home/Admin/index.html
INFO: [ app_init ] --START--
INFO: Run Behavior\BuildLiteBehavior [ RunTime:0.000016s ]
INFO: [ app_init ] --END-- [ RunTime:0.000901s ]
INFO: [ app_begin ] --START--
INFO: Run Behavior\ReadHtmlCacheBehavior [ RunTime:0.001637s ]
INFO: Run Behavior\CronRunBehavior [ RunTime:0.002900s ]
INFO: [ app_begin ] --END-- [ RunTime:0.004753s ]
SQL: SELECT * FROM `work_user` WHERE `id` = 1 LIMIT 1   [ RunTime:0.0004s ]
NOTIC: [8] Undefined variable: yesmap C:\EPP4\workspace\work\work\App\Home\Controller\AdminController.class.php 第 41 行.
SQL: SELECT COUNT(*) AS tp_count FROM `work_user` LIMIT 1   [ RunTime:0.0003s ]
SQL: SELECT COUNT(*) AS tp_count FROM `work_user` LIMIT 1   [ RunTime:0.0001s ]
NOTIC: [8] Undefined variable: fans_yesterday C:\EPP4\workspace\work\work\App\Home\Controller\AdminController.class.php 第 62 行.
NOTIC: [8] Undefined variable: fans_today C:\EPP4\workspace\work\work\App\Home\Controller\AdminController.class.php 第 63 行.
NOTIC: [8] Undefined variable: y_sms C:\EPP4\workspace\work\work\App\Home\Controller\AdminController.class.php 第 66 行.
NOTIC: [8] Undefined variable: sms C:\EPP4\workspace\work\work\App\Home\Controller\AdminController.class.php 第 67 行.
NOTIC: [8] Undefined variable: commission C:\EPP4\workspace\work\work\App\Home\Controller\AdminController.class.php 第 69 行.
NOTIC: [8] Undefined variable: lottery C:\EPP4\workspace\work\work\App\Home\Controller\AdminController.class.php 第 70 行.
NOTIC: [8] Undefined variable: lottery_count C:\EPP4\workspace\work\work\App\Home\Controller\AdminController.class.php 第 71 行.
INFO: [ view_parse ] --START--
INFO: [ template_filter ] --START--
INFO: Run Behavior\ContentReplaceBehavior [ RunTime:0.000163s ]
INFO: [ template_filter ] --END-- [ RunTime:0.000221s ]
SQL: SELECT COUNT(*) AS tp_count FROM `work_user` LIMIT 1   [ RunTime:0.0003s ]
ERR: SQLSTATE[42S02]: Base table or view not found: 1146 Table 'work.work_menu' doesn't exist

[ 2017-02-26T16:25:23+08:00 ] ::1 /admin.php/Home/Admin/index.html
INFO: [ app_init ] --START--
INFO: Run Behavior\BuildLiteBehavior [ RunTime:0.000011s ]
INFO: [ app_init ] --END-- [ RunTime:0.000632s ]
INFO: [ app_begin ] --START--
INFO: Run Behavior\ReadHtmlCacheBehavior [ RunTime:0.001530s ]
INFO: Run Behavior\CronRunBehavior [ RunTime:0.002984s ]
INFO: [ app_begin ] --END-- [ RunTime:0.004662s ]
SQL: SELECT * FROM `work_user` WHERE `id` = 1 LIMIT 1   [ RunTime:0.0009s ]
NOTIC: [8] Undefined variable: yesmap C:\EPP4\workspace\work\work\App\Home\Controller\AdminController.class.php 第 41 行.
SQL: SELECT COUNT(*) AS tp_count FROM `work_user` LIMIT 1   [ RunTime:0.0004s ]
SQL: SELECT COUNT(*) AS tp_count FROM `work_user` LIMIT 1   [ RunTime:0.0003s ]
NOTIC: [8] Undefined variable: fans_yesterday C:\EPP4\workspace\work\work\App\Home\Controller\AdminController.class.php 第 62 行.
NOTIC: [8] Undefined variable: fans_today C:\EPP4\workspace\work\work\App\Home\Controller\AdminController.class.php 第 63 行.
NOTIC: [8] Undefined variable: y_sms C:\EPP4\workspace\work\work\App\Home\Controller\AdminController.class.php 第 66 行.
NOTIC: [8] Undefined variable: sms C:\EPP4\workspace\work\work\App\Home\Controller\AdminController.class.php 第 67 行.
NOTIC: [8] Undefined variable: commission C:\EPP4\workspace\work\work\App\Home\Controller\AdminController.class.php 第 69 行.
NOTIC: [8] Undefined variable: lottery C:\EPP4\workspace\work\work\App\Home\Controller\AdminController.class.php 第 70 行.
NOTIC: [8] Undefined variable: lottery_count C:\EPP4\workspace\work\work\App\Home\Controller\AdminController.class.php 第 71 行.
INFO: [ view_parse ] --START--
INFO: [ template_filter ] --START--
INFO: Run Behavior\ContentReplaceBehavior [ RunTime:0.000125s ]
INFO: [ template_filter ] --END-- [ RunTime:0.000169s ]
SQL: SELECT COUNT(*) AS tp_count FROM `work_user` LIMIT 1   [ RunTime:0.0003s ]
INFO: Run Behavior\ParseTemplateBehavior [ RunTime:0.029111s ]
INFO: [ view_parse ] --END-- [ RunTime:0.029170s ]
INFO: [ view_filter ] --START--
INFO: Run Behavior\WriteHtmlCacheBehavior [ RunTime:0.000790s ]
INFO: [ view_filter ] --END-- [ RunTime:0.000829s ]
INFO: [ app_end ] --START--
INFO: Run Behavior\ShowPageTraceBehavior [ RunTime:0.001048s ]
INFO: [ app_end ] --END-- [ RunTime:0.001097s ]

[ 2017-02-26T16:28:18+08:00 ] ::1 /admin.php/Home/Admin/index.html
INFO: [ app_init ] --START--
INFO: Run Behavior\BuildLiteBehavior [ RunTime:0.000012s ]
INFO: [ app_init ] --END-- [ RunTime:0.000566s ]
INFO: [ app_begin ] --START--
INFO: Run Behavior\ReadHtmlCacheBehavior [ RunTime:0.001105s ]
INFO: Run Behavior\CronRunBehavior [ RunTime:0.004670s ]
INFO: [ app_begin ] --END-- [ RunTime:0.005908s ]
SQL: SELECT * FROM `work_user` WHERE `id` = 1 LIMIT 1   [ RunTime:0.0004s ]
NOTIC: [8] Undefined variable: yesmap C:\EPP4\workspace\work\work\App\Home\Controller\AdminController.class.php 第 41 行.
SQL: SELECT COUNT(*) AS tp_count FROM `work_user` LIMIT 1   [ RunTime:0.0002s ]
SQL: SELECT COUNT(*) AS tp_count FROM `work_user` LIMIT 1   [ RunTime:0.0001s ]
NOTIC: [8] Undefined variable: fans_yesterday C:\EPP4\workspace\work\work\App\Home\Controller\AdminController.class.php 第 62 行.
NOTIC: [8] Undefined variable: fans_today C:\EPP4\workspace\work\work\App\Home\Controller\AdminController.class.php 第 63 行.
NOTIC: [8] Undefined variable: y_sms C:\EPP4\workspace\work\work\App\Home\Controller\AdminController.class.php 第 66 行.
NOTIC: [8] Undefined variable: sms C:\EPP4\workspace\work\work\App\Home\Controller\AdminController.class.php 第 67 行.
NOTIC: [8] Undefined variable: commission C:\EPP4\workspace\work\work\App\Home\Controller\AdminController.class.php 第 69 行.
NOTIC: [8] Undefined variable: lottery C:\EPP4\workspace\work\work\App\Home\Controller\AdminController.class.php 第 70 行.
NOTIC: [8] Undefined variable: lottery_count C:\EPP4\workspace\work\work\App\Home\Controller\AdminController.class.php 第 71 行.
INFO: [ view_parse ] --START--
INFO: [ template_filter ] --START--
INFO: Run Behavior\ContentReplaceBehavior [ RunTime:0.000136s ]
INFO: [ template_filter ] --END-- [ RunTime:0.000179s ]
SQL: SELECT COUNT(*) AS tp_count FROM `work_user` LIMIT 1   [ RunTime:0.0003s ]
SQL: SHOW COLUMNS FROM `work_menu` [ RunTime:0.0063s ]
ERR: SQLSTATE[42S22]: Column not found: 1054 Unknown column 'status' in 'where clause'

[ 2017-02-26T16:28:57+08:00 ] ::1 /admin.php/Home/Admin/index.html
INFO: [ app_init ] --START--
INFO: Run Behavior\BuildLiteBehavior [ RunTime:0.000013s ]
INFO: [ app_init ] --END-- [ RunTime:0.000651s ]
INFO: [ app_begin ] --START--
INFO: Run Behavior\ReadHtmlCacheBehavior [ RunTime:0.004852s ]
INFO: Run Behavior\CronRunBehavior [ RunTime:0.003191s ]
INFO: [ app_begin ] --END-- [ RunTime:0.008182s ]
SQL: SELECT * FROM `work_user` WHERE `id` = 1 LIMIT 1   [ RunTime:0.0004s ]
NOTIC: [8] Undefined variable: yesmap C:\EPP4\workspace\work\work\App\Home\Controller\AdminController.class.php 第 41 行.
SQL: SELECT COUNT(*) AS tp_count FROM `work_user` LIMIT 1   [ RunTime:0.0002s ]
SQL: SELECT COUNT(*) AS tp_count FROM `work_user` LIMIT 1   [ RunTime:0.0001s ]
NOTIC: [8] Undefined variable: fans_yesterday C:\EPP4\workspace\work\work\App\Home\Controller\AdminController.class.php 第 62 行.
NOTIC: [8] Undefined variable: fans_today C:\EPP4\workspace\work\work\App\Home\Controller\AdminController.class.php 第 63 行.
NOTIC: [8] Undefined variable: y_sms C:\EPP4\workspace\work\work\App\Home\Controller\AdminController.class.php 第 66 行.
NOTIC: [8] Undefined variable: sms C:\EPP4\workspace\work\work\App\Home\Controller\AdminController.class.php 第 67 行.
NOTIC: [8] Undefined variable: commission C:\EPP4\workspace\work\work\App\Home\Controller\AdminController.class.php 第 69 行.
NOTIC: [8] Undefined variable: lottery C:\EPP4\workspace\work\work\App\Home\Controller\AdminController.class.php 第 70 行.
NOTIC: [8] Undefined variable: lottery_count C:\EPP4\workspace\work\work\App\Home\Controller\AdminController.class.php 第 71 行.
INFO: [ view_parse ] --START--
INFO: [ template_filter ] --START--
INFO: Run Behavior\ContentReplaceBehavior [ RunTime:0.000147s ]
INFO: [ template_filter ] --END-- [ RunTime:0.000200s ]
SQL: SELECT COUNT(*) AS tp_count FROM `work_user` LIMIT 1   [ RunTime:0.0003s ]
SQL: SELECT * FROM `work_menu` WHERE ( level=0 and status=1 ) ORDER BY sort  [ RunTime:0.0004s ]
INFO: Run Behavior\ParseTemplateBehavior [ RunTime:0.023386s ]
INFO: [ view_parse ] --END-- [ RunTime:0.023422s ]
INFO: [ view_filter ] --START--
INFO: Run Behavior\WriteHtmlCacheBehavior [ RunTime:0.000977s ]
INFO: [ view_filter ] --END-- [ RunTime:0.001020s ]
INFO: [ app_end ] --START--
INFO: Run Behavior\ShowPageTraceBehavior [ RunTime:0.001229s ]
INFO: [ app_end ] --END-- [ RunTime:0.001307s ]

[ 2017-02-26T16:29:49+08:00 ] ::1 /admin.php/Home/Admin/index.html
INFO: [ app_init ] --START--
INFO: Run Behavior\BuildLiteBehavior [ RunTime:0.000025s ]
INFO: [ app_init ] --END-- [ RunTime:0.001604s ]
INFO: [ app_begin ] --START--
INFO: Run Behavior\ReadHtmlCacheBehavior [ RunTime:0.000914s ]
INFO: Run Behavior\CronRunBehavior [ RunTime:0.003089s ]
INFO: [ app_begin ] --END-- [ RunTime:0.004135s ]
SQL: SELECT * FROM `work_user` WHERE `id` = 1 LIMIT 1   [ RunTime:0.0007s ]
NOTIC: [8] Undefined variable: yesmap C:\EPP4\workspace\work\work\App\Home\Controller\AdminController.class.php 第 41 行.
SQL: SELECT COUNT(*) AS tp_count FROM `work_user` LIMIT 1   [ RunTime:0.0005s ]
SQL: SELECT COUNT(*) AS tp_count FROM `work_user` LIMIT 1   [ RunTime:0.0003s ]
NOTIC: [8] Undefined variable: fans_yesterday C:\EPP4\workspace\work\work\App\Home\Controller\AdminController.class.php 第 62 行.
NOTIC: [8] Undefined variable: fans_today C:\EPP4\workspace\work\work\App\Home\Controller\AdminController.class.php 第 63 行.
NOTIC: [8] Undefined variable: y_sms C:\EPP4\workspace\work\work\App\Home\Controller\AdminController.class.php 第 66 行.
NOTIC: [8] Undefined variable: sms C:\EPP4\workspace\work\work\App\Home\Controller\AdminController.class.php 第 67 行.
NOTIC: [8] Undefined variable: commission C:\EPP4\workspace\work\work\App\Home\Controller\AdminController.class.php 第 69 行.
NOTIC: [8] Undefined variable: lottery C:\EPP4\workspace\work\work\App\Home\Controller\AdminController.class.php 第 70 行.
NOTIC: [8] Undefined variable: lottery_count C:\EPP4\workspace\work\work\App\Home\Controller\AdminController.class.php 第 71 行.
INFO: [ view_parse ] --START--
INFO: [ template_filter ] --START--
INFO: Run Behavior\ContentReplaceBehavior [ RunTime:0.000156s ]
INFO: [ template_filter ] --END-- [ RunTime:0.000211s ]
SQL: SELECT COUNT(*) AS tp_count FROM `work_user` LIMIT 1   [ RunTime:0.0003s ]
SQL: SELECT * FROM `work_menu` WHERE ( level=0 and status=1 ) ORDER BY sort  [ RunTime:0.0005s ]
INFO: Run Behavior\ParseTemplateBehavior [ RunTime:0.039593s ]
INFO: [ view_parse ] --END-- [ RunTime:0.039663s ]
INFO: [ view_filter ] --START--
INFO: Run Behavior\WriteHtmlCacheBehavior [ RunTime:0.001048s ]
INFO: [ view_filter ] --END-- [ RunTime:0.001093s ]
INFO: [ app_end ] --START--
INFO: Run Behavior\ShowPageTraceBehavior [ RunTime:0.000884s ]
INFO: [ app_end ] --END-- [ RunTime:0.000930s ]

[ 2017-02-26T16:30:36+08:00 ] ::1 /admin.php/Home/Admin/index.html
INFO: [ app_init ] --START--
INFO: Run Behavior\BuildLiteBehavior [ RunTime:0.000014s ]
INFO: [ app_init ] --END-- [ RunTime:0.000735s ]
INFO: [ app_begin ] --START--
INFO: Run Behavior\ReadHtmlCacheBehavior [ RunTime:0.000914s ]
INFO: Run Behavior\CronRunBehavior [ RunTime:0.003286s ]
INFO: [ app_begin ] --END-- [ RunTime:0.004370s ]
SQL: SELECT * FROM `work_user` WHERE `id` = 1 LIMIT 1   [ RunTime:0.0003s ]
NOTIC: [8] Undefined variable: yesmap C:\EPP4\workspace\work\work\App\Home\Controller\AdminController.class.php 第 41 行.
SQL: SELECT COUNT(*) AS tp_count FROM `work_user` LIMIT 1   [ RunTime:0.0005s ]
SQL: SELECT COUNT(*) AS tp_count FROM `work_user` LIMIT 1   [ RunTime:0.0004s ]
NOTIC: [8] Undefined variable: fans_yesterday C:\EPP4\workspace\work\work\App\Home\Controller\AdminController.class.php 第 62 行.
NOTIC: [8] Undefined variable: fans_today C:\EPP4\workspace\work\work\App\Home\Controller\AdminController.class.php 第 63 行.
NOTIC: [8] Undefined variable: y_sms C:\EPP4\workspace\work\work\App\Home\Controller\AdminController.class.php 第 66 行.
NOTIC: [8] Undefined variable: sms C:\EPP4\workspace\work\work\App\Home\Controller\AdminController.class.php 第 67 行.
NOTIC: [8] Undefined variable: commission C:\EPP4\workspace\work\work\App\Home\Controller\AdminController.class.php 第 69 行.
NOTIC: [8] Undefined variable: lottery C:\EPP4\workspace\work\work\App\Home\Controller\AdminController.class.php 第 70 行.
NOTIC: [8] Undefined variable: lottery_count C:\EPP4\workspace\work\work\App\Home\Controller\AdminController.class.php 第 71 行.
INFO: [ view_parse ] --START--
INFO: [ template_filter ] --START--
INFO: Run Behavior\ContentReplaceBehavior [ RunTime:0.000134s ]
INFO: [ template_filter ] --END-- [ RunTime:0.000180s ]
SQL: SELECT COUNT(*) AS tp_count FROM `work_user` LIMIT 1   [ RunTime:0.0004s ]
SQL: SELECT * FROM `work_menu` WHERE ( level=0 and status=1 ) ORDER BY sort  [ RunTime:0.0004s ]
NOTIC: [8] Use of undefined constant alink - assumed 'alink' C:\EPP4\workspace\work\work\App\Runtime\Cache\Home\cd5e505504d6bcd393e297cd9dd76269.php 第 218 行.
NOTIC: [8] Undefined index: cate_icon C:\EPP4\workspace\work\work\App\Runtime\Cache\Home\cd5e505504d6bcd393e297cd9dd76269.php 第 222 行.
ERR: SQLSTATE[42S22]: Column not found: 1054 Unknown column 'pid' in 'where clause'

