[ 2017-03-20T22:10:29+08:00 ] ::1 /pcshow.php
INFO: [ app_init ] --START--
INFO: Run Behavior\BuildLiteBehavior [ RunTime:0.000012s ]
INFO: [ app_init ] --END-- [ RunTime:0.000615s ]
INFO: [ app_begin ] --START--
INFO: Run Behavior\ReadHtmlCacheBehavior [ RunTime:0.001611s ]
INFO: Run Behavior\CronRunBehavior [ RunTime:0.002693s ]
INFO: [ app_begin ] --END-- [ RunTime:0.004451s ]
ERR: 无法加载控制器:Index

[ 2017-03-20T22:13:18+08:00 ] ::1 /pcshow.php
INFO: [ app_init ] --START--
INFO: Run Behavior\BuildLiteBehavior [ RunTime:0.000011s ]
INFO: [ app_init ] --END-- [ RunTime:0.000572s ]
INFO: [ app_begin ] --START--
INFO: Run Behavior\ReadHtmlCacheBehavior [ RunTime:0.000740s ]
INFO: Run Behavior\CronRunBehavior [ RunTime:0.003237s ]
INFO: [ app_begin ] --END-- [ RunTime:0.004091s ]

[ 2017-03-20T22:13:18+08:00 ] ::1 /pcshow.php/Home/Admin/index.html
INFO: [ app_init ] --START--
INFO: Run Behavior\BuildLiteBehavior [ RunTime:0.000014s ]
INFO: [ app_init ] --END-- [ RunTime:0.000565s ]
INFO: [ app_begin ] --START--
INFO: Run Behavior\ReadHtmlCacheBehavior [ RunTime:0.000846s ]
INFO: Run Behavior\CronRunBehavior [ RunTime:0.002459s ]
INFO: [ app_begin ] --END-- [ RunTime:0.003558s ]
INFO: [ app_end ] --START--
INFO: Run Behavior\ShowPageTraceBehavior [ RunTime:0.001198s ]
INFO: [ app_end ] --END-- [ RunTime:0.001247s ]

[ 2017-03-20T22:13:47+08:00 ] ::1 /pcshow.php
INFO: [ app_init ] --START--
INFO: Run Behavior\BuildLiteBehavior [ RunTime:0.000012s ]
INFO: [ app_init ] --END-- [ RunTime:0.000551s ]
INFO: [ app_begin ] --START--
INFO: Run Behavior\ReadHtmlCacheBehavior [ RunTime:0.000759s ]
INFO: Run Behavior\CronRunBehavior [ RunTime:0.003502s ]
INFO: [ app_begin ] --END-- [ RunTime:0.004405s ]

[ 2017-03-20T22:13:49+08:00 ] ::1 /pcshow.php/Admin/index.html
INFO: [ app_init ] --START--
INFO: Run Behavior\BuildLiteBehavior [ RunTime:0.000011s ]
INFO: [ app_init ] --END-- [ RunTime:0.000518s ]
INFO: [ app_begin ] --START--
INFO: Run Behavior\ReadHtmlCacheBehavior [ RunTime:0.000988s ]
INFO: Run Behavior\CronRunBehavior [ RunTime:0.002558s ]
INFO: [ app_begin ] --END-- [ RunTime:0.003672s ]
SQL: SELECT `type`,`name`,`value` FROM `work_config`  [ RunTime:0.0042s ]
SQL: SELECT * FROM `work_users` WHERE `id` = 1 LIMIT 1   [ RunTime:0.0034s ]
NOTIC: [8] Undefined variable: yesmap C:\EPP4\workspace\work\work\App\Pcshow\Controller\AdminController.class.php 第 40 行.
SQL: SELECT COUNT(*) AS tp_count FROM `work_users` LIMIT 1   [ RunTime:0.0003s ]
SQL: SELECT COUNT(*) AS tp_count FROM `work_users` LIMIT 1   [ RunTime:0.0002s ]
NOTIC: [8] Undefined variable: fans_yesterday C:\EPP4\workspace\work\work\App\Pcshow\Controller\AdminController.class.php 第 60 行.
NOTIC: [8] Undefined variable: fans_today C:\EPP4\workspace\work\work\App\Pcshow\Controller\AdminController.class.php 第 61 行.
NOTIC: [8] Undefined variable: y_sms C:\EPP4\workspace\work\work\App\Pcshow\Controller\AdminController.class.php 第 64 行.
NOTIC: [8] Undefined variable: sms C:\EPP4\workspace\work\work\App\Pcshow\Controller\AdminController.class.php 第 65 行.
NOTIC: [8] Undefined variable: commission C:\EPP4\workspace\work\work\App\Pcshow\Controller\AdminController.class.php 第 67 行.
NOTIC: [8] Undefined variable: lottery C:\EPP4\workspace\work\work\App\Pcshow\Controller\AdminController.class.php 第 68 行.
NOTIC: [8] Undefined variable: lottery_count C:\EPP4\workspace\work\work\App\Pcshow\Controller\AdminController.class.php 第 69 行.
INFO: [ view_parse ] --START--
INFO: [ template_filter ] --START--
INFO: Run Behavior\ContentReplaceBehavior [ RunTime:0.000171s ]
INFO: [ template_filter ] --END-- [ RunTime:0.000214s ]
SQL: SELECT COUNT(*) AS tp_count FROM `work_users` LIMIT 1   [ RunTime:0.0003s ]
SQL: SELECT * FROM `work_menu` WHERE ( level=0 and status=1 ) ORDER BY sort  [ RunTime:0.0020s ]
NOTIC: [8] Use of undefined constant alink - assumed 'alink' C:\EPP4\workspace\work\work\App\Runtime\Cache\Pcshow\2c278d393aea090cb7d018f8a413bd4d.php 第 218 行.
NOTIC: [8] Undefined index: cate_icon C:\EPP4\workspace\work\work\App\Runtime\Cache\Pcshow\2c278d393aea090cb7d018f8a413bd4d.php 第 222 行.
SQL: SELECT * FROM `work_menu` WHERE ( level=1 and status=1 and pid=35 ) ORDER BY sort  [ RunTime:0.0005s ]
NOTIC: [8] Use of undefined constant alink - assumed 'alink' C:\EPP4\workspace\work\work\App\Runtime\Cache\Pcshow\2c278d393aea090cb7d018f8a413bd4d.php 第 218 行.
NOTIC: [8] Undefined index: cate_icon C:\EPP4\workspace\work\work\App\Runtime\Cache\Pcshow\2c278d393aea090cb7d018f8a413bd4d.php 第 222 行.
SQL: SELECT * FROM `work_menu` WHERE ( level=1 and status=1 and pid=1 ) ORDER BY sort  [ RunTime:0.0002s ]
NOTIC: [8] Use of undefined constant alink - assumed 'alink' C:\EPP4\workspace\work\work\App\Runtime\Cache\Pcshow\2c278d393aea090cb7d018f8a413bd4d.php 第 231 行.
NOTIC: [8] Use of undefined constant id - assumed 'id' C:\EPP4\workspace\work\work\App\Runtime\Cache\Pcshow\2c278d393aea090cb7d018f8a413bd4d.php 第 231 行.
SQL: SELECT COUNT(id) AS tp_count FROM `work_menu` WHERE ( level=2 and status=1 and pid='2' ) LIMIT 1   [ RunTime:0.0003s ]
NOTIC: [8] Undefined index: cate_icon C:\EPP4\workspace\work\work\App\Runtime\Cache\Pcshow\2c278d393aea090cb7d018f8a413bd4d.php 第 234 行.
NOTIC: [8] Use of undefined constant alink - assumed 'alink' C:\EPP4\workspace\work\work\App\Runtime\Cache\Pcshow\2c278d393aea090cb7d018f8a413bd4d.php 第 218 行.
NOTIC: [8] Undefined index: cate_icon C:\EPP4\workspace\work\work\App\Runtime\Cache\Pcshow\2c278d393aea090cb7d018f8a413bd4d.php 第 222 行.
SQL: SELECT * FROM `work_menu` WHERE ( level=1 and status=1 and pid=3 ) ORDER BY sort  [ RunTime:0.0002s ]
NOTIC: [8] Use of undefined constant alink - assumed 'alink' C:\EPP4\workspace\work\work\App\Runtime\Cache\Pcshow\2c278d393aea090cb7d018f8a413bd4d.php 第 231 行.
NOTIC: [8] Use of undefined constant id - assumed 'id' C:\EPP4\workspace\work\work\App\Runtime\Cache\Pcshow\2c278d393aea090cb7d018f8a413bd4d.php 第 231 行.
SQL: SELECT COUNT(id) AS tp_count FROM `work_menu` WHERE ( level=2 and status=1 and pid='4' ) LIMIT 1   [ RunTime:0.0001s ]
NOTIC: [8] Undefined index: cate_icon C:\EPP4\workspace\work\work\App\Runtime\Cache\Pcshow\2c278d393aea090cb7d018f8a413bd4d.php 第 234 行.
NOTIC: [8] Use of undefined constant alink - assumed 'alink' C:\EPP4\workspace\work\work\App\Runtime\Cache\Pcshow\2c278d393aea090cb7d018f8a413bd4d.php 第 231 行.
NOTIC: [8] Use of undefined constant id - assumed 'id' C:\EPP4\workspace\work\work\App\Runtime\Cache\Pcshow\2c278d393aea090cb7d018f8a413bd4d.php 第 231 行.
SQL: SELECT COUNT(id) AS tp_count FROM `work_menu` WHERE ( level=2 and status=1 and pid='34' ) LIMIT 1   [ RunTime:0.0004s ]
NOTIC: [8] Undefined index: cate_icon C:\EPP4\workspace\work\work\App\Runtime\Cache\Pcshow\2c278d393aea090cb7d018f8a413bd4d.php 第 234 行.
NOTIC: [8] Use of undefined constant alink - assumed 'alink' C:\EPP4\workspace\work\work\App\Runtime\Cache\Pcshow\2c278d393aea090cb7d018f8a413bd4d.php 第 218 行.
NOTIC: [8] Undefined index: cate_icon C:\EPP4\workspace\work\work\App\Runtime\Cache\Pcshow\2c278d393aea090cb7d018f8a413bd4d.php 第 222 行.
SQL: SELECT * FROM `work_menu` WHERE ( level=1 and status=1 and pid=5 ) ORDER BY sort  [ RunTime:0.0004s ]
NOTIC: [8] Use of undefined constant alink - assumed 'alink' C:\EPP4\workspace\work\work\App\Runtime\Cache\Pcshow\2c278d393aea090cb7d018f8a413bd4d.php 第 231 行.
NOTIC: [8] Use of undefined constant id - assumed 'id' C:\EPP4\workspace\work\work\App\Runtime\Cache\Pcshow\2c278d393aea090cb7d018f8a413bd4d.php 第 231 行.
SQL: SELECT COUNT(id) AS tp_count FROM `work_menu` WHERE ( level=2 and status=1 and pid='6' ) LIMIT 1   [ RunTime:0.0002s ]
NOTIC: [8] Undefined index: cate_icon C:\EPP4\workspace\work\work\App\Runtime\Cache\Pcshow\2c278d393aea090cb7d018f8a413bd4d.php 第 234 行.
INFO: Run Behavior\ParseTemplateBehavior [ RunTime:0.044116s ]
INFO: [ view_parse ] --END-- [ RunTime:0.044155s ]
INFO: [ view_filter ] --START--
INFO: Run Behavior\WriteHtmlCacheBehavior [ RunTime:0.000854s ]
INFO: [ view_filter ] --END-- [ RunTime:0.000888s ]
INFO: [ app_end ] --START--
INFO: Run Behavior\ShowPageTraceBehavior [ RunTime:0.001008s ]
INFO: [ app_end ] --END-- [ RunTime:0.001057s ]

