[ 2017-03-29T20:07:38+08:00 ] ::1 /index.php
INFO: [ app_init ] --START--
INFO: Run Behavior\BuildLiteBehavior [ RunTime:0.000011s ]
INFO: [ app_init ] --END-- [ RunTime:0.000385s ]
NOTIC: [8] Use of undefined constant ACTION_NAME - assumed 'ACTION_NAME' C:\EPP4\workspace\work\work\Core\Library\Think\App.class.php 第 36 行.

[ 2017-03-29T20:07:56+08:00 ] ::1 /index.php
INFO: [ app_init ] --START--
INFO: Run Behavior\BuildLiteBehavior [ RunTime:0.000014s ]
INFO: [ app_init ] --END-- [ RunTime:0.000469s ]
NOTIC: [8] Use of undefined constant ACTION_NAME - assumed 'ACTION_NAME' C:\EPP4\workspace\work\work\Core\Library\Think\Dispatcher.class.php 第 36 行.

[ 2017-03-29T20:08:22+08:00 ] ::1 /index.php
INFO: [ app_init ] --START--
INFO: Run Behavior\BuildLiteBehavior [ RunTime:0.000011s ]
INFO: [ app_init ] --END-- [ RunTime:0.000378s ]
NOTIC: [8] Use of undefined constant ACTION_NAME - assumed 'ACTION_NAME' C:\EPP4\workspace\work\work\Core\Library\Think\Dispatcher.class.php 第 113 行.

[ 2017-03-29T20:08:23+08:00 ] ::1 /index.php
INFO: [ app_init ] --START--
INFO: Run Behavior\BuildLiteBehavior [ RunTime:0.000016s ]
INFO: [ app_init ] --END-- [ RunTime:0.000437s ]
NOTIC: [8] Use of undefined constant ACTION_NAME - assumed 'ACTION_NAME' C:\EPP4\workspace\work\work\Core\Library\Think\Dispatcher.class.php 第 113 行.

[ 2017-03-29T20:08:33+08:00 ] ::1 /index.php
INFO: [ app_init ] --START--
INFO: Run Behavior\BuildLiteBehavior [ RunTime:0.000011s ]
INFO: [ app_init ] --END-- [ RunTime:0.000383s ]
NOTIC: [8] Use of undefined constant ACTION_NAME - assumed 'ACTION_NAME' C:\EPP4\workspace\work\work\Core\Library\Think\Dispatcher.class.php 第 135 行.

[ 2017-03-29T20:08:33+08:00 ] ::1 /index.php
INFO: [ app_init ] --START--
INFO: Run Behavior\BuildLiteBehavior [ RunTime:0.000012s ]
INFO: [ app_init ] --END-- [ RunTime:0.000439s ]
NOTIC: [8] Use of undefined constant ACTION_NAME - assumed 'ACTION_NAME' C:\EPP4\workspace\work\work\Core\Library\Think\Dispatcher.class.php 第 135 行.

